2025-03-20 15:48:25 [background-preinit] INFO  o.h.validator.internal.util.Version - HV000001: Hibernate Validator 8.0.1.Final
2025-03-20 15:48:25 [main] INFO  o.e.d.DockerDbExampleApplication - Starting DockerDbExampleApplication using Java 23.0.2 with PID 3764 (E:\IdeaIU\Git\DockerDBExample\target\classes started by Kirill in E:\IdeaIU\Git\DockerDBExample)
2025-03-20 15:48:25 [main] INFO  o.e.d.DockerDbExampleApplication - No active profile set, falling back to 1 default profile: "default"
2025-03-20 15:48:26 [main] INFO  o.s.d.r.c.RepositoryConfigurationDelegate - Bootstrapping Spring Data JPA repositories in DEFAULT mode.
2025-03-20 15:48:26 [main] INFO  o.s.d.r.c.RepositoryConfigurationDelegate - Finished Spring Data repository scanning in 104 ms. Found 5 JPA repository interfaces.
2025-03-20 15:48:27 [main] INFO  o.s.b.w.e.tomcat.TomcatWebServer - Tomcat initialized with port 8080 (http)
2025-03-20 15:48:27 [main] INFO  o.a.coyote.http11.Http11NioProtocol - Initializing ProtocolHandler ["http-nio-8080"]
2025-03-20 15:48:27 [main] INFO  o.a.catalina.core.StandardService - Starting service [Tomcat]
2025-03-20 15:48:27 [main] INFO  o.a.catalina.core.StandardEngine - Starting Servlet engine: [Apache Tomcat/10.1.30]
2025-03-20 15:48:27 [main] INFO  o.a.c.c.C.[Tomcat].[localhost].[/] - Initializing Spring embedded WebApplicationContext
2025-03-20 15:48:27 [main] INFO  o.s.b.w.s.c.ServletWebServerApplicationContext - Root WebApplicationContext: initialization completed in 2259 ms
2025-03-20 15:48:28 [main] INFO  o.h.jpa.internal.util.LogHelper - HHH000204: Processing PersistenceUnitInfo [name: default]
2025-03-20 15:48:28 [main] INFO  org.hibernate.Version - HHH000412: Hibernate ORM core version 6.5.3.Final
2025-03-20 15:48:28 [main] INFO  o.h.c.i.RegionFactoryInitiator - HHH000026: Second-level cache disabled
2025-03-20 15:48:28 [main] INFO  o.s.o.j.p.SpringPersistenceUnitInfo - No LoadTimeWeaver setup: ignoring JPA class transformer
2025-03-20 15:48:28 [main] INFO  com.zaxxer.hikari.HikariDataSource - HikariPool-1 - Starting...
2025-03-20 15:48:28 [main] INFO  com.zaxxer.hikari.pool.HikariPool - HikariPool-1 - Added connection org.postgresql.jdbc.PgConnection@77f4038c
2025-03-20 15:48:28 [main] INFO  com.zaxxer.hikari.HikariDataSource - HikariPool-1 - Start completed.
2025-03-20 15:48:29 [main] WARN  org.hibernate.orm.deprecation - HHH90000025: PostgreSQLDialect does not need to be specified explicitly using 'hibernate.dialect' (remove the property setting and it will be selected by default)
2025-03-20 15:48:30 [main] INFO  o.h.e.t.j.p.i.JtaPlatformInitiator - HHH000489: No JTA platform available (set 'hibernate.transaction.jta.platform' to enable JTA platform integration)
2025-03-20 15:48:30 [main] WARN  o.h.e.jdbc.spi.SqlExceptionHelper - SQL Warning Code: 0, SQLState: 00000
2025-03-20 15:48:30 [main] WARN  o.h.e.jdbc.spi.SqlExceptionHelper - отношение "achievements" не существует, пропускается
2025-03-20 15:48:30 [main] WARN  o.h.e.jdbc.spi.SqlExceptionHelper - SQL Warning Code: 0, SQLState: 00000
2025-03-20 15:48:30 [main] WARN  o.h.e.jdbc.spi.SqlExceptionHelper - отношение "promo_codes" не существует, пропускается
2025-03-20 15:48:30 [main] WARN  o.h.e.jdbc.spi.SqlExceptionHelper - SQL Warning Code: 0, SQLState: 00000
2025-03-20 15:48:30 [main] WARN  o.h.e.jdbc.spi.SqlExceptionHelper - отношение "receipt_purchase_items" не существует, пропускается
2025-03-20 15:48:30 [main] WARN  o.h.e.jdbc.spi.SqlExceptionHelper - SQL Warning Code: 0, SQLState: 00000
2025-03-20 15:48:30 [main] WARN  o.h.e.jdbc.spi.SqlExceptionHelper - отношение "receipt_purchase_items" не существует, пропускается
2025-03-20 15:48:30 [main] WARN  o.h.e.jdbc.spi.SqlExceptionHelper - SQL Warning Code: 0, SQLState: 00000
2025-03-20 15:48:30 [main] WARN  o.h.e.jdbc.spi.SqlExceptionHelper - отношение "receipts" не существует, пропускается
2025-03-20 15:48:30 [main] WARN  o.h.e.jdbc.spi.SqlExceptionHelper - SQL Warning Code: 0, SQLState: 00000
2025-03-20 15:48:30 [main] WARN  o.h.e.jdbc.spi.SqlExceptionHelper - отношение "user_roles" не существует, пропускается
2025-03-20 15:48:30 [main] WARN  o.h.e.jdbc.spi.SqlExceptionHelper - SQL Warning Code: 0, SQLState: 00000
2025-03-20 15:48:30 [main] WARN  o.h.e.jdbc.spi.SqlExceptionHelper - таблица "achievements" не существует, пропускается
2025-03-20 15:48:30 [main] WARN  o.h.e.jdbc.spi.SqlExceptionHelper - SQL Warning Code: 0, SQLState: 00000
2025-03-20 15:48:30 [main] WARN  o.h.e.jdbc.spi.SqlExceptionHelper - таблица "promo_codes" не существует, пропускается
2025-03-20 15:48:30 [main] WARN  o.h.e.jdbc.spi.SqlExceptionHelper - SQL Warning Code: 0, SQLState: 00000
2025-03-20 15:48:30 [main] WARN  o.h.e.jdbc.spi.SqlExceptionHelper - таблица "purchase_items" не существует, пропускается
2025-03-20 15:48:30 [main] WARN  o.h.e.jdbc.spi.SqlExceptionHelper - SQL Warning Code: 0, SQLState: 00000
2025-03-20 15:48:30 [main] WARN  o.h.e.jdbc.spi.SqlExceptionHelper - таблица "receipt_purchase_items" не существует, пропускается
2025-03-20 15:48:30 [main] WARN  o.h.e.jdbc.spi.SqlExceptionHelper - SQL Warning Code: 0, SQLState: 00000
2025-03-20 15:48:30 [main] WARN  o.h.e.jdbc.spi.SqlExceptionHelper - таблица "receipts" не существует, пропускается
2025-03-20 15:48:30 [main] WARN  o.h.e.jdbc.spi.SqlExceptionHelper - SQL Warning Code: 0, SQLState: 00000
2025-03-20 15:48:30 [main] WARN  o.h.e.jdbc.spi.SqlExceptionHelper - таблица "user_roles" не существует, пропускается
2025-03-20 15:48:30 [main] WARN  o.h.e.jdbc.spi.SqlExceptionHelper - SQL Warning Code: 0, SQLState: 00000
2025-03-20 15:48:30 [main] WARN  o.h.e.jdbc.spi.SqlExceptionHelper - таблица "users" не существует, пропускается
2025-03-20 15:48:30 [main] INFO  o.s.o.j.LocalContainerEntityManagerFactoryBean - Initialized JPA EntityManagerFactory for persistence unit 'default'
2025-03-20 15:48:31 [main] WARN  o.s.b.a.o.j.JpaBaseConfiguration$JpaWebConfiguration - spring.jpa.open-in-view is enabled by default. Therefore, database queries may be performed during view rendering. Explicitly configure spring.jpa.open-in-view to disable this warning
2025-03-20 15:48:31 [main] INFO  o.s.s.c.a.a.c.InitializeUserDetailsBeanManagerConfigurer$InitializeUserDetailsManagerConfigurer - Global AuthenticationManager configured with UserDetailsService bean with name customUserService
2025-03-20 15:48:33 [main] INFO  o.a.coyote.http11.Http11NioProtocol - Starting ProtocolHandler ["http-nio-8080"]
2025-03-20 15:48:33 [main] INFO  o.s.b.w.e.tomcat.TomcatWebServer - Tomcat started on port 8080 (http) with context path '/'
2025-03-20 15:48:33 [main] INFO  o.e.d.DockerDbExampleApplication - Started DockerDbExampleApplication in 8.062 seconds (process running for 9.462)
2025-03-20 16:06:52 [main] INFO  o.e.d.service.UserService - Поиск пользователя по номеру телефона: 1234567890
2025-03-20 16:06:52 [main] INFO  o.e.d.service.UserService - Пользователь найден: 1234567890
2025-03-20 16:06:52 [main] INFO  o.e.d.service.UserService - Обновление данных пользователя: 1234567890
2025-03-20 16:06:52 [main] INFO  o.e.d.service.UserService - Пользователь 1234567890 обновлен
2025-03-20 16:06:52 [main] INFO  o.e.d.service.UserService - Получение списка топ-10 пользователей
2025-03-20 16:06:52 [main] INFO  o.e.d.service.UserService - Топ-10 пользователей загружены (2 пользователей)
2025-03-20 16:06:52 [main] INFO  o.e.d.service.UserService - Регистрация нового пользователя: 1234567890
2025-03-20 16:06:52 [main] ERROR o.e.d.service.UserService - Пароли не совпадают для пользователя: 1234567890
2025-03-20 16:06:52 [main] INFO  o.e.d.service.UserService - Регистрация нового пользователя: 1234567890
2025-03-20 16:06:52 [main] INFO  o.e.d.service.UserService - Пользователь успешно зарегистрирован: 1234567890
2025-03-20 16:07:17 [main] INFO  o.e.d.service.ReceiptService - Начало генерации случайного чека
2025-03-20 16:07:17 [main] INFO  o.e.d.service.ReceiptService - Выбор 4 случайных товаров из списка
2025-03-20 16:07:17 [main] INFO  o.e.d.service.ReceiptService - Выбрано 4 товаров
2025-03-20 16:07:17 [main] INFO  o.e.d.service.ReceiptService - Начало расчета бонусов для чека Receipt(id=null, carbonFootprint=null, bonus=null, date=null, user=null, items=[PurchaseItem(id=null, name=null, category=null, bonus=null, carbonFootprint=null, isEcoFriendly=null, quantity=4, recommendation=null, receipts=null)])
2025-03-20 16:07:17 [main] INFO  o.e.d.service.ReceiptService - Расчет бонусов завершен. Итоговая сумма: 0
2025-03-20 16:07:17 [main] INFO  o.e.d.service.ReceiptService - Расчет углеродного следа для чека Receipt(id=null, carbonFootprint=null, bonus=0, date=null, user=null, items=[PurchaseItem(id=null, name=null, category=null, bonus=null, carbonFootprint=null, isEcoFriendly=null, quantity=4, recommendation=null, receipts=null)])
2025-03-20 16:07:17 [main] INFO  o.e.d.service.ReceiptService - Углеродный след рассчитан: 0.0
2025-03-20 16:07:17 [main] INFO  o.e.d.service.ReceiptService - Генерация случайной даты за последний год
2025-03-20 16:07:17 [main] INFO  o.e.d.service.ReceiptService - Сгенерирована дата: 2024-07-12
2025-03-20 16:07:17 [main] INFO  o.e.d.service.ReceiptService - Чек создан. Бонус: 0, Углеродный след: 0.0
2025-03-20 16:07:17 [main] INFO  o.e.d.service.ReceiptService - Начало генерации списка чеков
2025-03-20 16:07:17 [main] INFO  o.e.d.service.ReceiptService - Начало генерации случайного чека
2025-03-20 16:07:17 [main] INFO  o.e.d.service.ReceiptService - Выбор 5 случайных товаров из списка
2025-03-20 16:07:17 [main] INFO  o.e.d.service.ReceiptService - Выбрано 5 товаров
2025-03-20 16:07:17 [main] INFO  o.e.d.service.ReceiptService - Начало расчета бонусов для чека Receipt(id=null, carbonFootprint=null, bonus=null, date=null, user=null, items=[PurchaseItem(id=null, name=null, category=null, bonus=null, carbonFootprint=null, isEcoFriendly=null, quantity=1, recommendation=null, receipts=null)])
2025-03-20 16:07:17 [main] INFO  o.e.d.service.ReceiptService - Расчет бонусов завершен. Итоговая сумма: 0
2025-03-20 16:07:17 [main] INFO  o.e.d.service.ReceiptService - Расчет углеродного следа для чека Receipt(id=null, carbonFootprint=null, bonus=0, date=null, user=null, items=[PurchaseItem(id=null, name=null, category=null, bonus=null, carbonFootprint=null, isEcoFriendly=null, quantity=1, recommendation=null, receipts=null)])
2025-03-20 16:07:17 [main] INFO  o.e.d.service.ReceiptService - Углеродный след рассчитан: 0.0
2025-03-20 16:07:17 [main] INFO  o.e.d.service.ReceiptService - Генерация случайной даты за последний год
2025-03-20 16:07:17 [main] INFO  o.e.d.service.ReceiptService - Сгенерирована дата: 2024-05-22
2025-03-20 16:07:17 [main] INFO  o.e.d.service.ReceiptService - Чек создан. Бонус: 0, Углеродный след: 0.0
2025-03-20 16:07:17 [main] INFO  o.e.d.service.ReceiptService - Начало генерации случайного чека
2025-03-20 16:07:17 [main] INFO  o.e.d.service.ReceiptService - Выбор 7 случайных товаров из списка
2025-03-20 16:07:17 [main] INFO  o.e.d.service.ReceiptService - Выбрано 7 товаров
2025-03-20 16:07:17 [main] INFO  o.e.d.service.ReceiptService - Начало расчета бонусов для чека Receipt(id=null, carbonFootprint=null, bonus=null, date=null, user=null, items=[PurchaseItem(id=null, name=null, category=null, bonus=null, carbonFootprint=null, isEcoFriendly=null, quantity=2, recommendation=null, receipts=null)])
2025-03-20 16:07:17 [main] INFO  o.e.d.service.ReceiptService - Расчет бонусов завершен. Итоговая сумма: 0
2025-03-20 16:07:17 [main] INFO  o.e.d.service.ReceiptService - Расчет углеродного следа для чека Receipt(id=null, carbonFootprint=null, bonus=0, date=null, user=null, items=[PurchaseItem(id=null, name=null, category=null, bonus=null, carbonFootprint=null, isEcoFriendly=null, quantity=2, recommendation=null, receipts=null)])
2025-03-20 16:07:17 [main] INFO  o.e.d.service.ReceiptService - Углеродный след рассчитан: 0.0
2025-03-20 16:07:17 [main] INFO  o.e.d.service.ReceiptService - Генерация случайной даты за последний год
2025-03-20 16:07:17 [main] INFO  o.e.d.service.ReceiptService - Сгенерирована дата: 2025-03-20
2025-03-20 16:07:17 [main] INFO  o.e.d.service.ReceiptService - Чек создан. Бонус: 0, Углеродный след: 0.0
2025-03-20 16:07:17 [main] INFO  o.e.d.service.ReceiptService - Начало генерации случайного чека
2025-03-20 16:07:17 [main] INFO  o.e.d.service.ReceiptService - Выбор 2 случайных товаров из списка
2025-03-20 16:07:17 [main] INFO  o.e.d.service.ReceiptService - Выбрано 2 товаров
2025-03-20 16:07:17 [main] INFO  o.e.d.service.ReceiptService - Начало расчета бонусов для чека Receipt(id=null, carbonFootprint=null, bonus=null, date=null, user=null, items=[PurchaseItem(id=null, name=null, category=null, bonus=null, carbonFootprint=null, isEcoFriendly=null, quantity=3, recommendation=null, receipts=null)])
2025-03-20 16:07:17 [main] INFO  o.e.d.service.ReceiptService - Расчет бонусов завершен. Итоговая сумма: 0
2025-03-20 16:07:17 [main] INFO  o.e.d.service.ReceiptService - Расчет углеродного следа для чека Receipt(id=null, carbonFootprint=null, bonus=0, date=null, user=null, items=[PurchaseItem(id=null, name=null, category=null, bonus=null, carbonFootprint=null, isEcoFriendly=null, quantity=3, recommendation=null, receipts=null)])
2025-03-20 16:07:17 [main] INFO  o.e.d.service.ReceiptService - Углеродный след рассчитан: 0.0
2025-03-20 16:07:17 [main] INFO  o.e.d.service.ReceiptService - Генерация случайной даты за последний год
2025-03-20 16:07:17 [main] INFO  o.e.d.service.ReceiptService - Сгенерирована дата: 2024-10-06
2025-03-20 16:07:17 [main] INFO  o.e.d.service.ReceiptService - Чек создан. Бонус: 0, Углеродный след: 0.0
2025-03-20 16:07:17 [main] INFO  o.e.d.service.ReceiptService - Начало генерации случайного чека
2025-03-20 16:07:17 [main] INFO  o.e.d.service.ReceiptService - Выбор 1 случайных товаров из списка
2025-03-20 16:07:17 [main] INFO  o.e.d.service.ReceiptService - Выбрано 1 товаров
2025-03-20 16:07:17 [main] INFO  o.e.d.service.ReceiptService - Начало расчета бонусов для чека Receipt(id=null, carbonFootprint=null, bonus=null, date=null, user=null, items=[PurchaseItem(id=null, name=null, category=null, bonus=null, carbonFootprint=null, isEcoFriendly=null, quantity=3, recommendation=null, receipts=null)])
2025-03-20 16:07:17 [main] INFO  o.e.d.service.ReceiptService - Расчет бонусов завершен. Итоговая сумма: 0
2025-03-20 16:07:17 [main] INFO  o.e.d.service.ReceiptService - Расчет углеродного следа для чека Receipt(id=null, carbonFootprint=null, bonus=0, date=null, user=null, items=[PurchaseItem(id=null, name=null, category=null, bonus=null, carbonFootprint=null, isEcoFriendly=null, quantity=3, recommendation=null, receipts=null)])
2025-03-20 16:07:17 [main] INFO  o.e.d.service.ReceiptService - Углеродный след рассчитан: 0.0
2025-03-20 16:07:17 [main] INFO  o.e.d.service.ReceiptService - Генерация случайной даты за последний год
2025-03-20 16:07:17 [main] INFO  o.e.d.service.ReceiptService - Сгенерирована дата: 2024-09-06
2025-03-20 16:07:17 [main] INFO  o.e.d.service.ReceiptService - Чек создан. Бонус: 0, Углеродный след: 0.0
2025-03-20 16:07:17 [main] INFO  o.e.d.service.ReceiptService - Начало генерации случайного чека
2025-03-20 16:07:17 [main] INFO  o.e.d.service.ReceiptService - Выбор 7 случайных товаров из списка
2025-03-20 16:07:17 [main] INFO  o.e.d.service.ReceiptService - Выбрано 7 товаров
2025-03-20 16:07:17 [main] INFO  o.e.d.service.ReceiptService - Начало расчета бонусов для чека Receipt(id=null, carbonFootprint=null, bonus=null, date=null, user=null, items=[PurchaseItem(id=null, name=null, category=null, bonus=null, carbonFootprint=null, isEcoFriendly=null, quantity=1, recommendation=null, receipts=null)])
2025-03-20 16:07:17 [main] INFO  o.e.d.service.ReceiptService - Расчет бонусов завершен. Итоговая сумма: 0
2025-03-20 16:07:17 [main] INFO  o.e.d.service.ReceiptService - Расчет углеродного следа для чека Receipt(id=null, carbonFootprint=null, bonus=0, date=null, user=null, items=[PurchaseItem(id=null, name=null, category=null, bonus=null, carbonFootprint=null, isEcoFriendly=null, quantity=1, recommendation=null, receipts=null)])
2025-03-20 16:07:17 [main] INFO  o.e.d.service.ReceiptService - Углеродный след рассчитан: 0.0
2025-03-20 16:07:17 [main] INFO  o.e.d.service.ReceiptService - Генерация случайной даты за последний год
2025-03-20 16:07:17 [main] INFO  o.e.d.service.ReceiptService - Сгенерирована дата: 2024-07-31
2025-03-20 16:07:17 [main] INFO  o.e.d.service.ReceiptService - Чек создан. Бонус: 0, Углеродный след: 0.0
2025-03-20 16:07:17 [main] INFO  o.e.d.service.ReceiptService - Начало генерации случайного чека
2025-03-20 16:07:17 [main] INFO  o.e.d.service.ReceiptService - Выбор 8 случайных товаров из списка
2025-03-20 16:07:17 [main] INFO  o.e.d.service.ReceiptService - Выбрано 8 товаров
2025-03-20 16:07:17 [main] INFO  o.e.d.service.ReceiptService - Начало расчета бонусов для чека Receipt(id=null, carbonFootprint=null, bonus=null, date=null, user=null, items=[PurchaseItem(id=null, name=null, category=null, bonus=null, carbonFootprint=null, isEcoFriendly=null, quantity=1, recommendation=null, receipts=null)])
2025-03-20 16:07:17 [main] INFO  o.e.d.service.ReceiptService - Расчет бонусов завершен. Итоговая сумма: 0
2025-03-20 16:07:17 [main] INFO  o.e.d.service.ReceiptService - Расчет углеродного следа для чека Receipt(id=null, carbonFootprint=null, bonus=0, date=null, user=null, items=[PurchaseItem(id=null, name=null, category=null, bonus=null, carbonFootprint=null, isEcoFriendly=null, quantity=1, recommendation=null, receipts=null)])
2025-03-20 16:07:17 [main] INFO  o.e.d.service.ReceiptService - Углеродный след рассчитан: 0.0
2025-03-20 16:07:17 [main] INFO  o.e.d.service.ReceiptService - Генерация случайной даты за последний год
2025-03-20 16:07:17 [main] INFO  o.e.d.service.ReceiptService - Сгенерирована дата: 2024-11-19
2025-03-20 16:07:17 [main] INFO  o.e.d.service.ReceiptService - Чек создан. Бонус: 0, Углеродный след: 0.0
2025-03-20 16:07:17 [main] INFO  o.e.d.service.ReceiptService - Начало генерации случайного чека
2025-03-20 16:07:17 [main] INFO  o.e.d.service.ReceiptService - Выбор 2 случайных товаров из списка
2025-03-20 16:07:17 [main] INFO  o.e.d.service.ReceiptService - Выбрано 2 товаров
2025-03-20 16:07:17 [main] INFO  o.e.d.service.ReceiptService - Начало расчета бонусов для чека Receipt(id=null, carbonFootprint=null, bonus=null, date=null, user=null, items=[PurchaseItem(id=null, name=null, category=null, bonus=null, carbonFootprint=null, isEcoFriendly=null, quantity=3, recommendation=null, receipts=null)])
2025-03-20 16:07:17 [main] INFO  o.e.d.service.ReceiptService - Расчет бонусов завершен. Итоговая сумма: 0
2025-03-20 16:07:17 [main] INFO  o.e.d.service.ReceiptService - Расчет углеродного следа для чека Receipt(id=null, carbonFootprint=null, bonus=0, date=null, user=null, items=[PurchaseItem(id=null, name=null, category=null, bonus=null, carbonFootprint=null, isEcoFriendly=null, quantity=3, recommendation=null, receipts=null)])
2025-03-20 16:07:17 [main] INFO  o.e.d.service.ReceiptService - Углеродный след рассчитан: 0.0
2025-03-20 16:07:17 [main] INFO  o.e.d.service.ReceiptService - Генерация случайной даты за последний год
2025-03-20 16:07:17 [main] INFO  o.e.d.service.ReceiptService - Сгенерирована дата: 2025-03-20
2025-03-20 16:07:17 [main] INFO  o.e.d.service.ReceiptService - Чек создан. Бонус: 0, Углеродный след: 0.0
2025-03-20 16:07:17 [main] INFO  o.e.d.service.ReceiptService - Начало генерации случайного чека
2025-03-20 16:07:17 [main] INFO  o.e.d.service.ReceiptService - Выбор 1 случайных товаров из списка
2025-03-20 16:07:17 [main] INFO  o.e.d.service.ReceiptService - Выбрано 1 товаров
2025-03-20 16:07:17 [main] INFO  o.e.d.service.ReceiptService - Начало расчета бонусов для чека Receipt(id=null, carbonFootprint=null, bonus=null, date=null, user=null, items=[PurchaseItem(id=null, name=null, category=null, bonus=null, carbonFootprint=null, isEcoFriendly=null, quantity=1, recommendation=null, receipts=null)])
2025-03-20 16:07:17 [main] INFO  o.e.d.service.ReceiptService - Расчет бонусов завершен. Итоговая сумма: 0
2025-03-20 16:07:17 [main] INFO  o.e.d.service.ReceiptService - Расчет углеродного следа для чека Receipt(id=null, carbonFootprint=null, bonus=0, date=null, user=null, items=[PurchaseItem(id=null, name=null, category=null, bonus=null, carbonFootprint=null, isEcoFriendly=null, quantity=1, recommendation=null, receipts=null)])
2025-03-20 16:07:17 [main] INFO  o.e.d.service.ReceiptService - Углеродный след рассчитан: 0.0
2025-03-20 16:07:17 [main] INFO  o.e.d.service.ReceiptService - Генерация случайной даты за последний год
2025-03-20 16:07:17 [main] INFO  o.e.d.service.ReceiptService - Сгенерирована дата: 2024-11-05
2025-03-20 16:07:17 [main] INFO  o.e.d.service.ReceiptService - Чек создан. Бонус: 0, Углеродный след: 0.0
2025-03-20 16:07:17 [main] INFO  o.e.d.service.ReceiptService - Начало генерации случайного чека
2025-03-20 16:07:17 [main] INFO  o.e.d.service.ReceiptService - Выбор 7 случайных товаров из списка
2025-03-20 16:07:17 [main] INFO  o.e.d.service.ReceiptService - Выбрано 7 товаров
2025-03-20 16:07:17 [main] INFO  o.e.d.service.ReceiptService - Начало расчета бонусов для чека Receipt(id=null, carbonFootprint=null, bonus=null, date=null, user=null, items=[PurchaseItem(id=null, name=null, category=null, bonus=null, carbonFootprint=null, isEcoFriendly=null, quantity=2, recommendation=null, receipts=null)])
2025-03-20 16:07:17 [main] INFO  o.e.d.service.ReceiptService - Расчет бонусов завершен. Итоговая сумма: 0
2025-03-20 16:07:17 [main] INFO  o.e.d.service.ReceiptService - Расчет углеродного следа для чека Receipt(id=null, carbonFootprint=null, bonus=0, date=null, user=null, items=[PurchaseItem(id=null, name=null, category=null, bonus=null, carbonFootprint=null, isEcoFriendly=null, quantity=2, recommendation=null, receipts=null)])
2025-03-20 16:07:17 [main] INFO  o.e.d.service.ReceiptService - Углеродный след рассчитан: 0.0
2025-03-20 16:07:17 [main] INFO  o.e.d.service.ReceiptService - Генерация случайной даты за последний год
2025-03-20 16:07:17 [main] INFO  o.e.d.service.ReceiptService - Сгенерирована дата: 2024-05-01
2025-03-20 16:07:17 [main] INFO  o.e.d.service.ReceiptService - Чек создан. Бонус: 0, Углеродный след: 0.0
2025-03-20 16:07:17 [main] INFO  o.e.d.service.ReceiptService - Начало генерации случайного чека
2025-03-20 16:07:17 [main] INFO  o.e.d.service.ReceiptService - Выбор 5 случайных товаров из списка
2025-03-20 16:07:17 [main] INFO  o.e.d.service.ReceiptService - Выбрано 5 товаров
2025-03-20 16:07:17 [main] INFO  o.e.d.service.ReceiptService - Начало расчета бонусов для чека Receipt(id=null, carbonFootprint=null, bonus=null, date=null, user=null, items=[PurchaseItem(id=null, name=null, category=null, bonus=null, carbonFootprint=null, isEcoFriendly=null, quantity=4, recommendation=null, receipts=null)])
2025-03-20 16:07:17 [main] INFO  o.e.d.service.ReceiptService - Расчет бонусов завершен. Итоговая сумма: 0
2025-03-20 16:07:17 [main] INFO  o.e.d.service.ReceiptService - Расчет углеродного следа для чека Receipt(id=null, carbonFootprint=null, bonus=0, date=null, user=null, items=[PurchaseItem(id=null, name=null, category=null, bonus=null, carbonFootprint=null, isEcoFriendly=null, quantity=4, recommendation=null, receipts=null)])
2025-03-20 16:07:17 [main] INFO  o.e.d.service.ReceiptService - Углеродный след рассчитан: 0.0
2025-03-20 16:07:17 [main] INFO  o.e.d.service.ReceiptService - Генерация случайной даты за последний год
2025-03-20 16:07:17 [main] INFO  o.e.d.service.ReceiptService - Сгенерирована дата: 2024-12-11
2025-03-20 16:07:17 [main] INFO  o.e.d.service.ReceiptService - Чек создан. Бонус: 0, Углеродный след: 0.0
2025-03-20 16:07:17 [main] INFO  o.e.d.service.ReceiptService - Начало генерации случайного чека
2025-03-20 16:07:17 [main] INFO  o.e.d.service.ReceiptService - Выбор 1 случайных товаров из списка
2025-03-20 16:07:17 [main] INFO  o.e.d.service.ReceiptService - Выбрано 1 товаров
2025-03-20 16:07:17 [main] INFO  o.e.d.service.ReceiptService - Начало расчета бонусов для чека Receipt(id=null, carbonFootprint=null, bonus=null, date=null, user=null, items=[PurchaseItem(id=null, name=null, category=null, bonus=null, carbonFootprint=null, isEcoFriendly=null, quantity=2, recommendation=null, receipts=null)])
2025-03-20 16:07:17 [main] INFO  o.e.d.service.ReceiptService - Расчет бонусов завершен. Итоговая сумма: 0
2025-03-20 16:07:17 [main] INFO  o.e.d.service.ReceiptService - Расчет углеродного следа для чека Receipt(id=null, carbonFootprint=null, bonus=0, date=null, user=null, items=[PurchaseItem(id=null, name=null, category=null, bonus=null, carbonFootprint=null, isEcoFriendly=null, quantity=2, recommendation=null, receipts=null)])
2025-03-20 16:07:17 [main] INFO  o.e.d.service.ReceiptService - Углеродный след рассчитан: 0.0
2025-03-20 16:07:17 [main] INFO  o.e.d.service.ReceiptService - Генерация случайной даты за последний год
2025-03-20 16:07:17 [main] INFO  o.e.d.service.ReceiptService - Сгенерирована дата: 2025-01-17
2025-03-20 16:07:17 [main] INFO  o.e.d.service.ReceiptService - Чек создан. Бонус: 0, Углеродный след: 0.0
2025-03-20 16:07:17 [main] INFO  o.e.d.service.ReceiptService - Начало генерации случайного чека
2025-03-20 16:07:17 [main] INFO  o.e.d.service.ReceiptService - Выбор 2 случайных товаров из списка
2025-03-20 16:07:17 [main] INFO  o.e.d.service.ReceiptService - Выбрано 2 товаров
2025-03-20 16:07:17 [main] INFO  o.e.d.service.ReceiptService - Начало расчета бонусов для чека Receipt(id=null, carbonFootprint=null, bonus=null, date=null, user=null, items=[PurchaseItem(id=null, name=null, category=null, bonus=null, carbonFootprint=null, isEcoFriendly=null, quantity=4, recommendation=null, receipts=null)])
2025-03-20 16:07:17 [main] INFO  o.e.d.service.ReceiptService - Расчет бонусов завершен. Итоговая сумма: 0
2025-03-20 16:07:17 [main] INFO  o.e.d.service.ReceiptService - Расчет углеродного следа для чека Receipt(id=null, carbonFootprint=null, bonus=0, date=null, user=null, items=[PurchaseItem(id=null, name=null, category=null, bonus=null, carbonFootprint=null, isEcoFriendly=null, quantity=4, recommendation=null, receipts=null)])
2025-03-20 16:07:17 [main] INFO  o.e.d.service.ReceiptService - Углеродный след рассчитан: 0.0
2025-03-20 16:07:17 [main] INFO  o.e.d.service.ReceiptService - Генерация случайной даты за последний год
2025-03-20 16:07:17 [main] INFO  o.e.d.service.ReceiptService - Сгенерирована дата: 2024-05-19
2025-03-20 16:07:17 [main] INFO  o.e.d.service.ReceiptService - Чек создан. Бонус: 0, Углеродный след: 0.0
2025-03-20 16:07:17 [main] INFO  o.e.d.service.ReceiptService - Начало генерации случайного чека
2025-03-20 16:07:17 [main] INFO  o.e.d.service.ReceiptService - Выбор 3 случайных товаров из списка
2025-03-20 16:07:17 [main] INFO  o.e.d.service.ReceiptService - Выбрано 3 товаров
2025-03-20 16:07:17 [main] INFO  o.e.d.service.ReceiptService - Начало расчета бонусов для чека Receipt(id=null, carbonFootprint=null, bonus=null, date=null, user=null, items=[PurchaseItem(id=null, name=null, category=null, bonus=null, carbonFootprint=null, isEcoFriendly=null, quantity=3, recommendation=null, receipts=null)])
2025-03-20 16:07:17 [main] INFO  o.e.d.service.ReceiptService - Расчет бонусов завершен. Итоговая сумма: 0
2025-03-20 16:07:17 [main] INFO  o.e.d.service.ReceiptService - Расчет углеродного следа для чека Receipt(id=null, carbonFootprint=null, bonus=0, date=null, user=null, items=[PurchaseItem(id=null, name=null, category=null, bonus=null, carbonFootprint=null, isEcoFriendly=null, quantity=3, recommendation=null, receipts=null)])
2025-03-20 16:07:17 [main] INFO  o.e.d.service.ReceiptService - Углеродный след рассчитан: 0.0
2025-03-20 16:07:17 [main] INFO  o.e.d.service.ReceiptService - Генерация случайной даты за последний год
2025-03-20 16:07:17 [main] INFO  o.e.d.service.ReceiptService - Сгенерирована дата: 2025-02-18
2025-03-20 16:07:17 [main] INFO  o.e.d.service.ReceiptService - Чек создан. Бонус: 0, Углеродный след: 0.0
2025-03-20 16:07:17 [main] INFO  o.e.d.service.ReceiptService - Начало генерации случайного чека
2025-03-20 16:07:17 [main] INFO  o.e.d.service.ReceiptService - Выбор 7 случайных товаров из списка
2025-03-20 16:07:17 [main] INFO  o.e.d.service.ReceiptService - Выбрано 7 товаров
2025-03-20 16:07:17 [main] INFO  o.e.d.service.ReceiptService - Начало расчета бонусов для чека Receipt(id=null, carbonFootprint=null, bonus=null, date=null, user=null, items=[PurchaseItem(id=null, name=null, category=null, bonus=null, carbonFootprint=null, isEcoFriendly=null, quantity=3, recommendation=null, receipts=null)])
2025-03-20 16:07:17 [main] INFO  o.e.d.service.ReceiptService - Расчет бонусов завершен. Итоговая сумма: 0
2025-03-20 16:07:17 [main] INFO  o.e.d.service.ReceiptService - Расчет углеродного следа для чека Receipt(id=null, carbonFootprint=null, bonus=0, date=null, user=null, items=[PurchaseItem(id=null, name=null, category=null, bonus=null, carbonFootprint=null, isEcoFriendly=null, quantity=3, recommendation=null, receipts=null)])
2025-03-20 16:07:17 [main] INFO  o.e.d.service.ReceiptService - Углеродный след рассчитан: 0.0
2025-03-20 16:07:17 [main] INFO  o.e.d.service.ReceiptService - Генерация случайной даты за последний год
2025-03-20 16:07:17 [main] INFO  o.e.d.service.ReceiptService - Сгенерирована дата: 2025-03-07
2025-03-20 16:07:17 [main] INFO  o.e.d.service.ReceiptService - Чек создан. Бонус: 0, Углеродный след: 0.0
2025-03-20 16:07:17 [main] INFO  o.e.d.service.ReceiptService - Начало генерации случайного чека
2025-03-20 16:07:17 [main] INFO  o.e.d.service.ReceiptService - Выбор 6 случайных товаров из списка
2025-03-20 16:07:17 [main] INFO  o.e.d.service.ReceiptService - Выбрано 6 товаров
2025-03-20 16:07:17 [main] INFO  o.e.d.service.ReceiptService - Начало расчета бонусов для чека Receipt(id=null, carbonFootprint=null, bonus=null, date=null, user=null, items=[PurchaseItem(id=null, name=null, category=null, bonus=null, carbonFootprint=null, isEcoFriendly=null, quantity=3, recommendation=null, receipts=null)])
2025-03-20 16:07:17 [main] INFO  o.e.d.service.ReceiptService - Расчет бонусов завершен. Итоговая сумма: 0
2025-03-20 16:07:17 [main] INFO  o.e.d.service.ReceiptService - Расчет углеродного следа для чека Receipt(id=null, carbonFootprint=null, bonus=0, date=null, user=null, items=[PurchaseItem(id=null, name=null, category=null, bonus=null, carbonFootprint=null, isEcoFriendly=null, quantity=3, recommendation=null, receipts=null)])
2025-03-20 16:07:17 [main] INFO  o.e.d.service.ReceiptService - Углеродный след рассчитан: 0.0
2025-03-20 16:07:17 [main] INFO  o.e.d.service.ReceiptService - Генерация случайной даты за последний год
2025-03-20 16:07:17 [main] INFO  o.e.d.service.ReceiptService - Сгенерирована дата: 2024-05-03
2025-03-20 16:07:17 [main] INFO  o.e.d.service.ReceiptService - Чек создан. Бонус: 0, Углеродный след: 0.0
2025-03-20 16:07:17 [main] INFO  o.e.d.service.ReceiptService - Начало генерации случайного чека
2025-03-20 16:07:17 [main] INFO  o.e.d.service.ReceiptService - Выбор 4 случайных товаров из списка
2025-03-20 16:07:17 [main] INFO  o.e.d.service.ReceiptService - Выбрано 4 товаров
2025-03-20 16:07:18 [main] INFO  o.e.d.service.ReceiptService - Начало расчета бонусов для чека Receipt(id=null, carbonFootprint=null, bonus=null, date=null, user=null, items=[PurchaseItem(id=null, name=null, category=null, bonus=null, carbonFootprint=null, isEcoFriendly=null, quantity=3, recommendation=null, receipts=null)])
2025-03-20 16:07:18 [main] INFO  o.e.d.service.ReceiptService - Расчет бонусов завершен. Итоговая сумма: 0
2025-03-20 16:07:18 [main] INFO  o.e.d.service.ReceiptService - Расчет углеродного следа для чека Receipt(id=null, carbonFootprint=null, bonus=0, date=null, user=null, items=[PurchaseItem(id=null, name=null, category=null, bonus=null, carbonFootprint=null, isEcoFriendly=null, quantity=3, recommendation=null, receipts=null)])
2025-03-20 16:07:18 [main] INFO  o.e.d.service.ReceiptService - Углеродный след рассчитан: 0.0
2025-03-20 16:07:18 [main] INFO  o.e.d.service.ReceiptService - Генерация случайной даты за последний год
2025-03-20 16:07:18 [main] INFO  o.e.d.service.ReceiptService - Сгенерирована дата: 2024-12-13
2025-03-20 16:07:18 [main] INFO  o.e.d.service.ReceiptService - Чек создан. Бонус: 0, Углеродный след: 0.0
2025-03-20 16:07:18 [main] INFO  o.e.d.service.ReceiptService - Начало генерации случайного чека
2025-03-20 16:07:18 [main] INFO  o.e.d.service.ReceiptService - Выбор 3 случайных товаров из списка
2025-03-20 16:07:18 [main] INFO  o.e.d.service.ReceiptService - Выбрано 3 товаров
2025-03-20 16:07:18 [main] INFO  o.e.d.service.ReceiptService - Начало расчета бонусов для чека Receipt(id=null, carbonFootprint=null, bonus=null, date=null, user=null, items=[PurchaseItem(id=null, name=null, category=null, bonus=null, carbonFootprint=null, isEcoFriendly=null, quantity=4, recommendation=null, receipts=null)])
2025-03-20 16:07:18 [main] INFO  o.e.d.service.ReceiptService - Расчет бонусов завершен. Итоговая сумма: 0
2025-03-20 16:07:18 [main] INFO  o.e.d.service.ReceiptService - Расчет углеродного следа для чека Receipt(id=null, carbonFootprint=null, bonus=0, date=null, user=null, items=[PurchaseItem(id=null, name=null, category=null, bonus=null, carbonFootprint=null, isEcoFriendly=null, quantity=4, recommendation=null, receipts=null)])
2025-03-20 16:07:18 [main] INFO  o.e.d.service.ReceiptService - Углеродный след рассчитан: 0.0
2025-03-20 16:07:18 [main] INFO  o.e.d.service.ReceiptService - Генерация случайной даты за последний год
2025-03-20 16:07:18 [main] INFO  o.e.d.service.ReceiptService - Сгенерирована дата: 2024-12-12
2025-03-20 16:07:18 [main] INFO  o.e.d.service.ReceiptService - Чек создан. Бонус: 0, Углеродный след: 0.0
2025-03-20 16:07:18 [main] INFO  o.e.d.service.ReceiptService - Начало генерации случайного чека
2025-03-20 16:07:18 [main] INFO  o.e.d.service.ReceiptService - Выбор 4 случайных товаров из списка
2025-03-20 16:07:18 [main] INFO  o.e.d.service.ReceiptService - Выбрано 4 товаров
2025-03-20 16:07:18 [main] INFO  o.e.d.service.ReceiptService - Начало расчета бонусов для чека Receipt(id=null, carbonFootprint=null, bonus=null, date=null, user=null, items=[PurchaseItem(id=null, name=null, category=null, bonus=null, carbonFootprint=null, isEcoFriendly=null, quantity=2, recommendation=null, receipts=null)])
2025-03-20 16:07:18 [main] INFO  o.e.d.service.ReceiptService - Расчет бонусов завершен. Итоговая сумма: 0
2025-03-20 16:07:18 [main] INFO  o.e.d.service.ReceiptService - Расчет углеродного следа для чека Receipt(id=null, carbonFootprint=null, bonus=0, date=null, user=null, items=[PurchaseItem(id=null, name=null, category=null, bonus=null, carbonFootprint=null, isEcoFriendly=null, quantity=2, recommendation=null, receipts=null)])
2025-03-20 16:07:18 [main] INFO  o.e.d.service.ReceiptService - Углеродный след рассчитан: 0.0
2025-03-20 16:07:18 [main] INFO  o.e.d.service.ReceiptService - Генерация случайной даты за последний год
2025-03-20 16:07:18 [main] INFO  o.e.d.service.ReceiptService - Сгенерирована дата: 2024-12-30
2025-03-20 16:07:18 [main] INFO  o.e.d.service.ReceiptService - Чек создан. Бонус: 0, Углеродный след: 0.0
2025-03-20 16:07:18 [main] INFO  o.e.d.service.ReceiptService - Начало генерации случайного чека
2025-03-20 16:07:18 [main] INFO  o.e.d.service.ReceiptService - Выбор 8 случайных товаров из списка
2025-03-20 16:07:18 [main] INFO  o.e.d.service.ReceiptService - Выбрано 8 товаров
2025-03-20 16:07:18 [main] INFO  o.e.d.service.ReceiptService - Начало расчета бонусов для чека Receipt(id=null, carbonFootprint=null, bonus=null, date=null, user=null, items=[PurchaseItem(id=null, name=null, category=null, bonus=null, carbonFootprint=null, isEcoFriendly=null, quantity=2, recommendation=null, receipts=null)])
2025-03-20 16:07:18 [main] INFO  o.e.d.service.ReceiptService - Расчет бонусов завершен. Итоговая сумма: 0
2025-03-20 16:07:18 [main] INFO  o.e.d.service.ReceiptService - Расчет углеродного следа для чека Receipt(id=null, carbonFootprint=null, bonus=0, date=null, user=null, items=[PurchaseItem(id=null, name=null, category=null, bonus=null, carbonFootprint=null, isEcoFriendly=null, quantity=2, recommendation=null, receipts=null)])
2025-03-20 16:07:18 [main] INFO  o.e.d.service.ReceiptService - Углеродный след рассчитан: 0.0
2025-03-20 16:07:18 [main] INFO  o.e.d.service.ReceiptService - Генерация случайной даты за последний год
2025-03-20 16:07:18 [main] INFO  o.e.d.service.ReceiptService - Сгенерирована дата: 2024-05-21
2025-03-20 16:07:18 [main] INFO  o.e.d.service.ReceiptService - Чек создан. Бонус: 0, Углеродный след: 0.0
2025-03-20 16:07:18 [main] INFO  o.e.d.service.ReceiptService - Начало генерации случайного чека
2025-03-20 16:07:18 [main] INFO  o.e.d.service.ReceiptService - Выбор 5 случайных товаров из списка
2025-03-20 16:07:18 [main] INFO  o.e.d.service.ReceiptService - Выбрано 5 товаров
2025-03-20 16:07:18 [main] INFO  o.e.d.service.ReceiptService - Начало расчета бонусов для чека Receipt(id=null, carbonFootprint=null, bonus=null, date=null, user=null, items=[PurchaseItem(id=null, name=null, category=null, bonus=null, carbonFootprint=null, isEcoFriendly=null, quantity=2, recommendation=null, receipts=null)])
2025-03-20 16:07:18 [main] INFO  o.e.d.service.ReceiptService - Расчет бонусов завершен. Итоговая сумма: 0
2025-03-20 16:07:18 [main] INFO  o.e.d.service.ReceiptService - Расчет углеродного следа для чека Receipt(id=null, carbonFootprint=null, bonus=0, date=null, user=null, items=[PurchaseItem(id=null, name=null, category=null, bonus=null, carbonFootprint=null, isEcoFriendly=null, quantity=2, recommendation=null, receipts=null)])
2025-03-20 16:07:18 [main] INFO  o.e.d.service.ReceiptService - Углеродный след рассчитан: 0.0
2025-03-20 16:07:18 [main] INFO  o.e.d.service.ReceiptService - Генерация случайной даты за последний год
2025-03-20 16:07:18 [main] INFO  o.e.d.service.ReceiptService - Сгенерирована дата: 2024-08-15
2025-03-20 16:07:18 [main] INFO  o.e.d.service.ReceiptService - Чек создан. Бонус: 0, Углеродный след: 0.0
2025-03-20 16:07:18 [main] INFO  o.e.d.service.ReceiptService - Начало генерации случайного чека
2025-03-20 16:07:18 [main] INFO  o.e.d.service.ReceiptService - Выбор 5 случайных товаров из списка
2025-03-20 16:07:18 [main] INFO  o.e.d.service.ReceiptService - Выбрано 5 товаров
2025-03-20 16:07:18 [main] INFO  o.e.d.service.ReceiptService - Начало расчета бонусов для чека Receipt(id=null, carbonFootprint=null, bonus=null, date=null, user=null, items=[PurchaseItem(id=null, name=null, category=null, bonus=null, carbonFootprint=null, isEcoFriendly=null, quantity=4, recommendation=null, receipts=null)])
2025-03-20 16:07:18 [main] INFO  o.e.d.service.ReceiptService - Расчет бонусов завершен. Итоговая сумма: 0
2025-03-20 16:07:18 [main] INFO  o.e.d.service.ReceiptService - Расчет углеродного следа для чека Receipt(id=null, carbonFootprint=null, bonus=0, date=null, user=null, items=[PurchaseItem(id=null, name=null, category=null, bonus=null, carbonFootprint=null, isEcoFriendly=null, quantity=4, recommendation=null, receipts=null)])
2025-03-20 16:07:18 [main] INFO  o.e.d.service.ReceiptService - Углеродный след рассчитан: 0.0
2025-03-20 16:07:18 [main] INFO  o.e.d.service.ReceiptService - Генерация случайной даты за последний год
2025-03-20 16:07:18 [main] INFO  o.e.d.service.ReceiptService - Сгенерирована дата: 2025-03-08
2025-03-20 16:07:18 [main] INFO  o.e.d.service.ReceiptService - Чек создан. Бонус: 0, Углеродный след: 0.0
2025-03-20 16:07:18 [main] INFO  o.e.d.service.ReceiptService - Начало генерации случайного чека
2025-03-20 16:07:18 [main] INFO  o.e.d.service.ReceiptService - Выбор 5 случайных товаров из списка
2025-03-20 16:07:18 [main] INFO  o.e.d.service.ReceiptService - Выбрано 5 товаров
2025-03-20 16:07:18 [main] INFO  o.e.d.service.ReceiptService - Начало расчета бонусов для чека Receipt(id=null, carbonFootprint=null, bonus=null, date=null, user=null, items=[PurchaseItem(id=null, name=null, category=null, bonus=null, carbonFootprint=null, isEcoFriendly=null, quantity=2, recommendation=null, receipts=null)])
2025-03-20 16:07:18 [main] INFO  o.e.d.service.ReceiptService - Расчет бонусов завершен. Итоговая сумма: 0
2025-03-20 16:07:18 [main] INFO  o.e.d.service.ReceiptService - Расчет углеродного следа для чека Receipt(id=null, carbonFootprint=null, bonus=0, date=null, user=null, items=[PurchaseItem(id=null, name=null, category=null, bonus=null, carbonFootprint=null, isEcoFriendly=null, quantity=2, recommendation=null, receipts=null)])
2025-03-20 16:07:18 [main] INFO  o.e.d.service.ReceiptService - Углеродный след рассчитан: 0.0
2025-03-20 16:07:18 [main] INFO  o.e.d.service.ReceiptService - Генерация случайной даты за последний год
2025-03-20 16:07:18 [main] INFO  o.e.d.service.ReceiptService - Сгенерирована дата: 2024-09-15
2025-03-20 16:07:18 [main] INFO  o.e.d.service.ReceiptService - Чек создан. Бонус: 0, Углеродный след: 0.0
2025-03-20 16:07:18 [main] INFO  o.e.d.service.ReceiptService - Начало генерации случайного чека
2025-03-20 16:07:18 [main] INFO  o.e.d.service.ReceiptService - Выбор 6 случайных товаров из списка
2025-03-20 16:07:18 [main] INFO  o.e.d.service.ReceiptService - Выбрано 6 товаров
2025-03-20 16:07:18 [main] INFO  o.e.d.service.ReceiptService - Начало расчета бонусов для чека Receipt(id=null, carbonFootprint=null, bonus=null, date=null, user=null, items=[PurchaseItem(id=null, name=null, category=null, bonus=null, carbonFootprint=null, isEcoFriendly=null, quantity=3, recommendation=null, receipts=null)])
2025-03-20 16:07:18 [main] INFO  o.e.d.service.ReceiptService - Расчет бонусов завершен. Итоговая сумма: 0
2025-03-20 16:07:18 [main] INFO  o.e.d.service.ReceiptService - Расчет углеродного следа для чека Receipt(id=null, carbonFootprint=null, bonus=0, date=null, user=null, items=[PurchaseItem(id=null, name=null, category=null, bonus=null, carbonFootprint=null, isEcoFriendly=null, quantity=3, recommendation=null, receipts=null)])
2025-03-20 16:07:18 [main] INFO  o.e.d.service.ReceiptService - Углеродный след рассчитан: 0.0
2025-03-20 16:07:18 [main] INFO  o.e.d.service.ReceiptService - Генерация случайной даты за последний год
2025-03-20 16:07:18 [main] INFO  o.e.d.service.ReceiptService - Сгенерирована дата: 2024-09-03
2025-03-20 16:07:18 [main] INFO  o.e.d.service.ReceiptService - Чек создан. Бонус: 0, Углеродный след: 0.0
2025-03-20 16:07:18 [main] INFO  o.e.d.service.ReceiptService - Начало генерации случайного чека
2025-03-20 16:07:18 [main] INFO  o.e.d.service.ReceiptService - Выбор 3 случайных товаров из списка
2025-03-20 16:07:18 [main] INFO  o.e.d.service.ReceiptService - Выбрано 3 товаров
2025-03-20 16:07:18 [main] INFO  o.e.d.service.ReceiptService - Начало расчета бонусов для чека Receipt(id=null, carbonFootprint=null, bonus=null, date=null, user=null, items=[PurchaseItem(id=null, name=null, category=null, bonus=null, carbonFootprint=null, isEcoFriendly=null, quantity=3, recommendation=null, receipts=null)])
2025-03-20 16:07:18 [main] INFO  o.e.d.service.ReceiptService - Расчет бонусов завершен. Итоговая сумма: 0
2025-03-20 16:07:18 [main] INFO  o.e.d.service.ReceiptService - Расчет углеродного следа для чека Receipt(id=null, carbonFootprint=null, bonus=0, date=null, user=null, items=[PurchaseItem(id=null, name=null, category=null, bonus=null, carbonFootprint=null, isEcoFriendly=null, quantity=3, recommendation=null, receipts=null)])
2025-03-20 16:07:18 [main] INFO  o.e.d.service.ReceiptService - Углеродный след рассчитан: 0.0
2025-03-20 16:07:18 [main] INFO  o.e.d.service.ReceiptService - Генерация случайной даты за последний год
2025-03-20 16:07:18 [main] INFO  o.e.d.service.ReceiptService - Сгенерирована дата: 2025-02-12
2025-03-20 16:07:18 [main] INFO  o.e.d.service.ReceiptService - Чек создан. Бонус: 0, Углеродный след: 0.0
2025-03-20 16:07:18 [main] INFO  o.e.d.service.ReceiptService - Начало генерации случайного чека
2025-03-20 16:07:18 [main] INFO  o.e.d.service.ReceiptService - Выбор 4 случайных товаров из списка
2025-03-20 16:07:18 [main] INFO  o.e.d.service.ReceiptService - Выбрано 4 товаров
2025-03-20 16:07:18 [main] INFO  o.e.d.service.ReceiptService - Начало расчета бонусов для чека Receipt(id=null, carbonFootprint=null, bonus=null, date=null, user=null, items=[PurchaseItem(id=null, name=null, category=null, bonus=null, carbonFootprint=null, isEcoFriendly=null, quantity=1, recommendation=null, receipts=null)])
2025-03-20 16:07:18 [main] INFO  o.e.d.service.ReceiptService - Расчет бонусов завершен. Итоговая сумма: 0
2025-03-20 16:07:18 [main] INFO  o.e.d.service.ReceiptService - Расчет углеродного следа для чека Receipt(id=null, carbonFootprint=null, bonus=0, date=null, user=null, items=[PurchaseItem(id=null, name=null, category=null, bonus=null, carbonFootprint=null, isEcoFriendly=null, quantity=1, recommendation=null, receipts=null)])
2025-03-20 16:07:18 [main] INFO  o.e.d.service.ReceiptService - Углеродный след рассчитан: 0.0
2025-03-20 16:07:18 [main] INFO  o.e.d.service.ReceiptService - Генерация случайной даты за последний год
2025-03-20 16:07:18 [main] INFO  o.e.d.service.ReceiptService - Сгенерирована дата: 2024-07-21
2025-03-20 16:07:18 [main] INFO  o.e.d.service.ReceiptService - Чек создан. Бонус: 0, Углеродный след: 0.0
2025-03-20 16:07:18 [main] INFO  o.e.d.service.ReceiptService - Начало генерации случайного чека
2025-03-20 16:07:18 [main] INFO  o.e.d.service.ReceiptService - Выбор 3 случайных товаров из списка
2025-03-20 16:07:18 [main] INFO  o.e.d.service.ReceiptService - Выбрано 3 товаров
2025-03-20 16:07:18 [main] INFO  o.e.d.service.ReceiptService - Начало расчета бонусов для чека Receipt(id=null, carbonFootprint=null, bonus=null, date=null, user=null, items=[PurchaseItem(id=null, name=null, category=null, bonus=null, carbonFootprint=null, isEcoFriendly=null, quantity=2, recommendation=null, receipts=null)])
2025-03-20 16:07:18 [main] INFO  o.e.d.service.ReceiptService - Расчет бонусов завершен. Итоговая сумма: 0
2025-03-20 16:07:18 [main] INFO  o.e.d.service.ReceiptService - Расчет углеродного следа для чека Receipt(id=null, carbonFootprint=null, bonus=0, date=null, user=null, items=[PurchaseItem(id=null, name=null, category=null, bonus=null, carbonFootprint=null, isEcoFriendly=null, quantity=2, recommendation=null, receipts=null)])
2025-03-20 16:07:18 [main] INFO  o.e.d.service.ReceiptService - Углеродный след рассчитан: 0.0
2025-03-20 16:07:18 [main] INFO  o.e.d.service.ReceiptService - Генерация случайной даты за последний год
2025-03-20 16:07:18 [main] INFO  o.e.d.service.ReceiptService - Сгенерирована дата: 2024-10-09
2025-03-20 16:07:18 [main] INFO  o.e.d.service.ReceiptService - Чек создан. Бонус: 0, Углеродный след: 0.0
2025-03-20 16:07:18 [main] INFO  o.e.d.service.ReceiptService - Начало генерации случайного чека
2025-03-20 16:07:18 [main] INFO  o.e.d.service.ReceiptService - Выбор 7 случайных товаров из списка
2025-03-20 16:07:18 [main] INFO  o.e.d.service.ReceiptService - Выбрано 7 товаров
2025-03-20 16:07:18 [main] INFO  o.e.d.service.ReceiptService - Начало расчета бонусов для чека Receipt(id=null, carbonFootprint=null, bonus=null, date=null, user=null, items=[PurchaseItem(id=null, name=null, category=null, bonus=null, carbonFootprint=null, isEcoFriendly=null, quantity=2, recommendation=null, receipts=null)])
2025-03-20 16:07:18 [main] INFO  o.e.d.service.ReceiptService - Расчет бонусов завершен. Итоговая сумма: 0
2025-03-20 16:07:18 [main] INFO  o.e.d.service.ReceiptService - Расчет углеродного следа для чека Receipt(id=null, carbonFootprint=null, bonus=0, date=null, user=null, items=[PurchaseItem(id=null, name=null, category=null, bonus=null, carbonFootprint=null, isEcoFriendly=null, quantity=2, recommendation=null, receipts=null)])
2025-03-20 16:07:18 [main] INFO  o.e.d.service.ReceiptService - Углеродный след рассчитан: 0.0
2025-03-20 16:07:18 [main] INFO  o.e.d.service.ReceiptService - Генерация случайной даты за последний год
2025-03-20 16:07:18 [main] INFO  o.e.d.service.ReceiptService - Сгенерирована дата: 2024-08-30
2025-03-20 16:07:18 [main] INFO  o.e.d.service.ReceiptService - Чек создан. Бонус: 0, Углеродный след: 0.0
2025-03-20 16:07:18 [main] INFO  o.e.d.service.ReceiptService - Начало генерации случайного чека
2025-03-20 16:07:18 [main] INFO  o.e.d.service.ReceiptService - Выбор 2 случайных товаров из списка
2025-03-20 16:07:18 [main] INFO  o.e.d.service.ReceiptService - Выбрано 2 товаров
2025-03-20 16:07:18 [main] INFO  o.e.d.service.ReceiptService - Начало расчета бонусов для чека Receipt(id=null, carbonFootprint=null, bonus=null, date=null, user=null, items=[PurchaseItem(id=null, name=null, category=null, bonus=null, carbonFootprint=null, isEcoFriendly=null, quantity=2, recommendation=null, receipts=null)])
2025-03-20 16:07:18 [main] INFO  o.e.d.service.ReceiptService - Расчет бонусов завершен. Итоговая сумма: 0
2025-03-20 16:07:18 [main] INFO  o.e.d.service.ReceiptService - Расчет углеродного следа для чека Receipt(id=null, carbonFootprint=null, bonus=0, date=null, user=null, items=[PurchaseItem(id=null, name=null, category=null, bonus=null, carbonFootprint=null, isEcoFriendly=null, quantity=2, recommendation=null, receipts=null)])
2025-03-20 16:07:18 [main] INFO  o.e.d.service.ReceiptService - Углеродный след рассчитан: 0.0
2025-03-20 16:07:18 [main] INFO  o.e.d.service.ReceiptService - Генерация случайной даты за последний год
2025-03-20 16:07:18 [main] INFO  o.e.d.service.ReceiptService - Сгенерирована дата: 2024-03-26
2025-03-20 16:07:18 [main] INFO  o.e.d.service.ReceiptService - Чек создан. Бонус: 0, Углеродный след: 0.0
2025-03-20 16:07:18 [main] INFO  o.e.d.service.ReceiptService - Начало генерации случайного чека
2025-03-20 16:07:18 [main] INFO  o.e.d.service.ReceiptService - Выбор 7 случайных товаров из списка
2025-03-20 16:07:18 [main] INFO  o.e.d.service.ReceiptService - Выбрано 7 товаров
2025-03-20 16:07:18 [main] INFO  o.e.d.service.ReceiptService - Начало расчета бонусов для чека Receipt(id=null, carbonFootprint=null, bonus=null, date=null, user=null, items=[PurchaseItem(id=null, name=null, category=null, bonus=null, carbonFootprint=null, isEcoFriendly=null, quantity=3, recommendation=null, receipts=null)])
2025-03-20 16:07:18 [main] INFO  o.e.d.service.ReceiptService - Расчет бонусов завершен. Итоговая сумма: 0
2025-03-20 16:07:18 [main] INFO  o.e.d.service.ReceiptService - Расчет углеродного следа для чека Receipt(id=null, carbonFootprint=null, bonus=0, date=null, user=null, items=[PurchaseItem(id=null, name=null, category=null, bonus=null, carbonFootprint=null, isEcoFriendly=null, quantity=3, recommendation=null, receipts=null)])
2025-03-20 16:07:18 [main] INFO  o.e.d.service.ReceiptService - Углеродный след рассчитан: 0.0
2025-03-20 16:07:18 [main] INFO  o.e.d.service.ReceiptService - Генерация случайной даты за последний год
2025-03-20 16:07:18 [main] INFO  o.e.d.service.ReceiptService - Сгенерирована дата: 2024-09-12
2025-03-20 16:07:18 [main] INFO  o.e.d.service.ReceiptService - Чек создан. Бонус: 0, Углеродный след: 0.0
2025-03-20 16:07:18 [main] INFO  o.e.d.service.ReceiptService - Начало генерации случайного чека
2025-03-20 16:07:18 [main] INFO  o.e.d.service.ReceiptService - Выбор 6 случайных товаров из списка
2025-03-20 16:07:18 [main] INFO  o.e.d.service.ReceiptService - Выбрано 6 товаров
2025-03-20 16:07:18 [main] INFO  o.e.d.service.ReceiptService - Начало расчета бонусов для чека Receipt(id=null, carbonFootprint=null, bonus=null, date=null, user=null, items=[PurchaseItem(id=null, name=null, category=null, bonus=null, carbonFootprint=null, isEcoFriendly=null, quantity=2, recommendation=null, receipts=null)])
2025-03-20 16:07:18 [main] INFO  o.e.d.service.ReceiptService - Расчет бонусов завершен. Итоговая сумма: 0
2025-03-20 16:07:18 [main] INFO  o.e.d.service.ReceiptService - Расчет углеродного следа для чека Receipt(id=null, carbonFootprint=null, bonus=0, date=null, user=null, items=[PurchaseItem(id=null, name=null, category=null, bonus=null, carbonFootprint=null, isEcoFriendly=null, quantity=2, recommendation=null, receipts=null)])
2025-03-20 16:07:18 [main] INFO  o.e.d.service.ReceiptService - Углеродный след рассчитан: 0.0
2025-03-20 16:07:18 [main] INFO  o.e.d.service.ReceiptService - Генерация случайной даты за последний год
2025-03-20 16:07:18 [main] INFO  o.e.d.service.ReceiptService - Сгенерирована дата: 2024-11-22
2025-03-20 16:07:18 [main] INFO  o.e.d.service.ReceiptService - Чек создан. Бонус: 0, Углеродный след: 0.0
2025-03-20 16:07:18 [main] INFO  o.e.d.service.ReceiptService - Список чеков успешно сгенерирован. Всего чеков: 30
2025-03-20 16:07:18 [main] INFO  o.e.d.service.ReceiptService - Генерация случайной даты за последний год
2025-03-20 16:07:18 [main] INFO  o.e.d.service.ReceiptService - Сгенерирована дата: 2024-12-17
2025-03-20 16:07:27 [main] INFO  o.e.d.service.ReceiptService - Начало генерации случайного чека
2025-03-20 16:07:27 [main] INFO  o.e.d.service.ReceiptService - Выбор 8 случайных товаров из списка
2025-03-20 16:07:27 [main] INFO  o.e.d.service.ReceiptService - Выбрано 8 товаров
2025-03-20 16:07:27 [main] INFO  o.e.d.service.ReceiptService - Начало расчета бонусов для чека Receipt(id=null, carbonFootprint=null, bonus=null, date=null, user=null, items=[PurchaseItem(id=null, name=null, category=null, bonus=null, carbonFootprint=null, isEcoFriendly=null, quantity=4, recommendation=null, receipts=null)])
2025-03-20 16:07:28 [main] INFO  o.e.d.service.ReceiptService - Расчет бонусов завершен. Итоговая сумма: 0
2025-03-20 16:07:28 [main] INFO  o.e.d.service.ReceiptService - Расчет углеродного следа для чека Receipt(id=null, carbonFootprint=null, bonus=0, date=null, user=null, items=[PurchaseItem(id=null, name=null, category=null, bonus=null, carbonFootprint=null, isEcoFriendly=null, quantity=4, recommendation=null, receipts=null)])
2025-03-20 16:07:28 [main] INFO  o.e.d.service.ReceiptService - Углеродный след рассчитан: 0.0
2025-03-20 16:07:28 [main] INFO  o.e.d.service.ReceiptService - Генерация случайной даты за последний год
2025-03-20 16:07:28 [main] INFO  o.e.d.service.ReceiptService - Сгенерирована дата: 2025-01-31
2025-03-20 16:07:28 [main] INFO  o.e.d.service.ReceiptService - Чек создан. Бонус: 0, Углеродный след: 0.0
2025-03-20 16:07:28 [main] INFO  o.e.d.service.ReceiptService - Начало генерации списка чеков
2025-03-20 16:07:28 [main] INFO  o.e.d.service.ReceiptService - Начало генерации случайного чека
2025-03-20 16:07:28 [main] INFO  o.e.d.service.ReceiptService - Выбор 3 случайных товаров из списка
2025-03-20 16:07:28 [main] INFO  o.e.d.service.ReceiptService - Выбрано 3 товаров
2025-03-20 16:07:28 [main] INFO  o.e.d.service.ReceiptService - Начало расчета бонусов для чека Receipt(id=null, carbonFootprint=null, bonus=null, date=null, user=null, items=[PurchaseItem(id=null, name=null, category=null, bonus=null, carbonFootprint=null, isEcoFriendly=null, quantity=1, recommendation=null, receipts=null)])
2025-03-20 16:07:28 [main] INFO  o.e.d.service.ReceiptService - Расчет бонусов завершен. Итоговая сумма: 0
2025-03-20 16:07:28 [main] INFO  o.e.d.service.ReceiptService - Расчет углеродного следа для чека Receipt(id=null, carbonFootprint=null, bonus=0, date=null, user=null, items=[PurchaseItem(id=null, name=null, category=null, bonus=null, carbonFootprint=null, isEcoFriendly=null, quantity=1, recommendation=null, receipts=null)])
2025-03-20 16:07:28 [main] INFO  o.e.d.service.ReceiptService - Углеродный след рассчитан: 0.0
2025-03-20 16:07:28 [main] INFO  o.e.d.service.ReceiptService - Генерация случайной даты за последний год
2025-03-20 16:07:28 [main] INFO  o.e.d.service.ReceiptService - Сгенерирована дата: 2024-03-22
2025-03-20 16:07:28 [main] INFO  o.e.d.service.ReceiptService - Чек создан. Бонус: 0, Углеродный след: 0.0
2025-03-20 16:07:28 [main] INFO  o.e.d.service.ReceiptService - Начало генерации случайного чека
2025-03-20 16:07:28 [main] INFO  o.e.d.service.ReceiptService - Выбор 4 случайных товаров из списка
2025-03-20 16:07:28 [main] INFO  o.e.d.service.ReceiptService - Выбрано 4 товаров
2025-03-20 16:07:28 [main] INFO  o.e.d.service.ReceiptService - Начало расчета бонусов для чека Receipt(id=null, carbonFootprint=null, bonus=null, date=null, user=null, items=[PurchaseItem(id=null, name=null, category=null, bonus=null, carbonFootprint=null, isEcoFriendly=null, quantity=4, recommendation=null, receipts=null)])
2025-03-20 16:07:28 [main] INFO  o.e.d.service.ReceiptService - Расчет бонусов завершен. Итоговая сумма: 0
2025-03-20 16:07:28 [main] INFO  o.e.d.service.ReceiptService - Расчет углеродного следа для чека Receipt(id=null, carbonFootprint=null, bonus=0, date=null, user=null, items=[PurchaseItem(id=null, name=null, category=null, bonus=null, carbonFootprint=null, isEcoFriendly=null, quantity=4, recommendation=null, receipts=null)])
2025-03-20 16:07:28 [main] INFO  o.e.d.service.ReceiptService - Углеродный след рассчитан: 0.0
2025-03-20 16:07:28 [main] INFO  o.e.d.service.ReceiptService - Генерация случайной даты за последний год
2025-03-20 16:07:28 [main] INFO  o.e.d.service.ReceiptService - Сгенерирована дата: 2024-05-08
2025-03-20 16:07:28 [main] INFO  o.e.d.service.ReceiptService - Чек создан. Бонус: 0, Углеродный след: 0.0
2025-03-20 16:07:28 [main] INFO  o.e.d.service.ReceiptService - Начало генерации случайного чека
2025-03-20 16:07:28 [main] INFO  o.e.d.service.ReceiptService - Выбор 3 случайных товаров из списка
2025-03-20 16:07:28 [main] INFO  o.e.d.service.ReceiptService - Выбрано 3 товаров
2025-03-20 16:07:28 [main] INFO  o.e.d.service.ReceiptService - Начало расчета бонусов для чека Receipt(id=null, carbonFootprint=null, bonus=null, date=null, user=null, items=[PurchaseItem(id=null, name=null, category=null, bonus=null, carbonFootprint=null, isEcoFriendly=null, quantity=1, recommendation=null, receipts=null)])
2025-03-20 16:07:28 [main] INFO  o.e.d.service.ReceiptService - Расчет бонусов завершен. Итоговая сумма: 0
2025-03-20 16:07:28 [main] INFO  o.e.d.service.ReceiptService - Расчет углеродного следа для чека Receipt(id=null, carbonFootprint=null, bonus=0, date=null, user=null, items=[PurchaseItem(id=null, name=null, category=null, bonus=null, carbonFootprint=null, isEcoFriendly=null, quantity=1, recommendation=null, receipts=null)])
2025-03-20 16:07:28 [main] INFO  o.e.d.service.ReceiptService - Углеродный след рассчитан: 0.0
2025-03-20 16:07:28 [main] INFO  o.e.d.service.ReceiptService - Генерация случайной даты за последний год
2025-03-20 16:07:28 [main] INFO  o.e.d.service.ReceiptService - Сгенерирована дата: 2024-10-02
2025-03-20 16:07:28 [main] INFO  o.e.d.service.ReceiptService - Чек создан. Бонус: 0, Углеродный след: 0.0
2025-03-20 16:07:28 [main] INFO  o.e.d.service.ReceiptService - Начало генерации случайного чека
2025-03-20 16:07:28 [main] INFO  o.e.d.service.ReceiptService - Выбор 1 случайных товаров из списка
2025-03-20 16:07:28 [main] INFO  o.e.d.service.ReceiptService - Выбрано 1 товаров
2025-03-20 16:07:28 [main] INFO  o.e.d.service.ReceiptService - Начало расчета бонусов для чека Receipt(id=null, carbonFootprint=null, bonus=null, date=null, user=null, items=[PurchaseItem(id=null, name=null, category=null, bonus=null, carbonFootprint=null, isEcoFriendly=null, quantity=4, recommendation=null, receipts=null)])
2025-03-20 16:07:28 [main] INFO  o.e.d.service.ReceiptService - Расчет бонусов завершен. Итоговая сумма: 0
2025-03-20 16:07:28 [main] INFO  o.e.d.service.ReceiptService - Расчет углеродного следа для чека Receipt(id=null, carbonFootprint=null, bonus=0, date=null, user=null, items=[PurchaseItem(id=null, name=null, category=null, bonus=null, carbonFootprint=null, isEcoFriendly=null, quantity=4, recommendation=null, receipts=null)])
2025-03-20 16:07:28 [main] INFO  o.e.d.service.ReceiptService - Углеродный след рассчитан: 0.0
2025-03-20 16:07:28 [main] INFO  o.e.d.service.ReceiptService - Генерация случайной даты за последний год
2025-03-20 16:07:28 [main] INFO  o.e.d.service.ReceiptService - Сгенерирована дата: 2024-10-14
2025-03-20 16:07:28 [main] INFO  o.e.d.service.ReceiptService - Чек создан. Бонус: 0, Углеродный след: 0.0
2025-03-20 16:07:28 [main] INFO  o.e.d.service.ReceiptService - Начало генерации случайного чека
2025-03-20 16:07:28 [main] INFO  o.e.d.service.ReceiptService - Выбор 6 случайных товаров из списка
2025-03-20 16:07:28 [main] INFO  o.e.d.service.ReceiptService - Выбрано 6 товаров
2025-03-20 16:07:28 [main] INFO  o.e.d.service.ReceiptService - Начало расчета бонусов для чека Receipt(id=null, carbonFootprint=null, bonus=null, date=null, user=null, items=[PurchaseItem(id=null, name=null, category=null, bonus=null, carbonFootprint=null, isEcoFriendly=null, quantity=2, recommendation=null, receipts=null)])
2025-03-20 16:07:28 [main] INFO  o.e.d.service.ReceiptService - Расчет бонусов завершен. Итоговая сумма: 0
2025-03-20 16:07:28 [main] INFO  o.e.d.service.ReceiptService - Расчет углеродного следа для чека Receipt(id=null, carbonFootprint=null, bonus=0, date=null, user=null, items=[PurchaseItem(id=null, name=null, category=null, bonus=null, carbonFootprint=null, isEcoFriendly=null, quantity=2, recommendation=null, receipts=null)])
2025-03-20 16:07:28 [main] INFO  o.e.d.service.ReceiptService - Углеродный след рассчитан: 0.0
2025-03-20 16:07:28 [main] INFO  o.e.d.service.ReceiptService - Генерация случайной даты за последний год
2025-03-20 16:07:28 [main] INFO  o.e.d.service.ReceiptService - Сгенерирована дата: 2024-10-23
2025-03-20 16:07:28 [main] INFO  o.e.d.service.ReceiptService - Чек создан. Бонус: 0, Углеродный след: 0.0
2025-03-20 16:07:28 [main] INFO  o.e.d.service.ReceiptService - Начало генерации случайного чека
2025-03-20 16:07:28 [main] INFO  o.e.d.service.ReceiptService - Выбор 4 случайных товаров из списка
2025-03-20 16:07:28 [main] INFO  o.e.d.service.ReceiptService - Выбрано 4 товаров
2025-03-20 16:07:28 [main] INFO  o.e.d.service.ReceiptService - Начало расчета бонусов для чека Receipt(id=null, carbonFootprint=null, bonus=null, date=null, user=null, items=[PurchaseItem(id=null, name=null, category=null, bonus=null, carbonFootprint=null, isEcoFriendly=null, quantity=4, recommendation=null, receipts=null)])
2025-03-20 16:07:28 [main] INFO  o.e.d.service.ReceiptService - Расчет бонусов завершен. Итоговая сумма: 0
2025-03-20 16:07:28 [main] INFO  o.e.d.service.ReceiptService - Расчет углеродного следа для чека Receipt(id=null, carbonFootprint=null, bonus=0, date=null, user=null, items=[PurchaseItem(id=null, name=null, category=null, bonus=null, carbonFootprint=null, isEcoFriendly=null, quantity=4, recommendation=null, receipts=null)])
2025-03-20 16:07:28 [main] INFO  o.e.d.service.ReceiptService - Углеродный след рассчитан: 0.0
2025-03-20 16:07:28 [main] INFO  o.e.d.service.ReceiptService - Генерация случайной даты за последний год
2025-03-20 16:07:28 [main] INFO  o.e.d.service.ReceiptService - Сгенерирована дата: 2025-01-03
2025-03-20 16:07:28 [main] INFO  o.e.d.service.ReceiptService - Чек создан. Бонус: 0, Углеродный след: 0.0
2025-03-20 16:07:28 [main] INFO  o.e.d.service.ReceiptService - Начало генерации случайного чека
2025-03-20 16:07:28 [main] INFO  o.e.d.service.ReceiptService - Выбор 1 случайных товаров из списка
2025-03-20 16:07:28 [main] INFO  o.e.d.service.ReceiptService - Выбрано 1 товаров
2025-03-20 16:07:28 [main] INFO  o.e.d.service.ReceiptService - Начало расчета бонусов для чека Receipt(id=null, carbonFootprint=null, bonus=null, date=null, user=null, items=[PurchaseItem(id=null, name=null, category=null, bonus=null, carbonFootprint=null, isEcoFriendly=null, quantity=3, recommendation=null, receipts=null)])
2025-03-20 16:07:28 [main] INFO  o.e.d.service.ReceiptService - Расчет бонусов завершен. Итоговая сумма: 0
2025-03-20 16:07:28 [main] INFO  o.e.d.service.ReceiptService - Расчет углеродного следа для чека Receipt(id=null, carbonFootprint=null, bonus=0, date=null, user=null, items=[PurchaseItem(id=null, name=null, category=null, bonus=null, carbonFootprint=null, isEcoFriendly=null, quantity=3, recommendation=null, receipts=null)])
2025-03-20 16:07:28 [main] INFO  o.e.d.service.ReceiptService - Углеродный след рассчитан: 0.0
2025-03-20 16:07:28 [main] INFO  o.e.d.service.ReceiptService - Генерация случайной даты за последний год
2025-03-20 16:07:28 [main] INFO  o.e.d.service.ReceiptService - Сгенерирована дата: 2024-12-16
2025-03-20 16:07:28 [main] INFO  o.e.d.service.ReceiptService - Чек создан. Бонус: 0, Углеродный след: 0.0
2025-03-20 16:07:28 [main] INFO  o.e.d.service.ReceiptService - Начало генерации случайного чека
2025-03-20 16:07:28 [main] INFO  o.e.d.service.ReceiptService - Выбор 7 случайных товаров из списка
2025-03-20 16:07:28 [main] INFO  o.e.d.service.ReceiptService - Выбрано 7 товаров
2025-03-20 16:07:28 [main] INFO  o.e.d.service.ReceiptService - Начало расчета бонусов для чека Receipt(id=null, carbonFootprint=null, bonus=null, date=null, user=null, items=[PurchaseItem(id=null, name=null, category=null, bonus=null, carbonFootprint=null, isEcoFriendly=null, quantity=3, recommendation=null, receipts=null)])
2025-03-20 16:07:28 [main] INFO  o.e.d.service.ReceiptService - Расчет бонусов завершен. Итоговая сумма: 0
2025-03-20 16:07:28 [main] INFO  o.e.d.service.ReceiptService - Расчет углеродного следа для чека Receipt(id=null, carbonFootprint=null, bonus=0, date=null, user=null, items=[PurchaseItem(id=null, name=null, category=null, bonus=null, carbonFootprint=null, isEcoFriendly=null, quantity=3, recommendation=null, receipts=null)])
2025-03-20 16:07:28 [main] INFO  o.e.d.service.ReceiptService - Углеродный след рассчитан: 0.0
2025-03-20 16:07:28 [main] INFO  o.e.d.service.ReceiptService - Генерация случайной даты за последний год
2025-03-20 16:07:28 [main] INFO  o.e.d.service.ReceiptService - Сгенерирована дата: 2024-04-24
2025-03-20 16:07:28 [main] INFO  o.e.d.service.ReceiptService - Чек создан. Бонус: 0, Углеродный след: 0.0
2025-03-20 16:07:28 [main] INFO  o.e.d.service.ReceiptService - Начало генерации случайного чека
2025-03-20 16:07:28 [main] INFO  o.e.d.service.ReceiptService - Выбор 8 случайных товаров из списка
2025-03-20 16:07:28 [main] INFO  o.e.d.service.ReceiptService - Выбрано 8 товаров
2025-03-20 16:07:28 [main] INFO  o.e.d.service.ReceiptService - Начало расчета бонусов для чека Receipt(id=null, carbonFootprint=null, bonus=null, date=null, user=null, items=[PurchaseItem(id=null, name=null, category=null, bonus=null, carbonFootprint=null, isEcoFriendly=null, quantity=4, recommendation=null, receipts=null)])
2025-03-20 16:07:28 [main] INFO  o.e.d.service.ReceiptService - Расчет бонусов завершен. Итоговая сумма: 0
2025-03-20 16:07:28 [main] INFO  o.e.d.service.ReceiptService - Расчет углеродного следа для чека Receipt(id=null, carbonFootprint=null, bonus=0, date=null, user=null, items=[PurchaseItem(id=null, name=null, category=null, bonus=null, carbonFootprint=null, isEcoFriendly=null, quantity=4, recommendation=null, receipts=null)])
2025-03-20 16:07:28 [main] INFO  o.e.d.service.ReceiptService - Углеродный след рассчитан: 0.0
2025-03-20 16:07:28 [main] INFO  o.e.d.service.ReceiptService - Генерация случайной даты за последний год
2025-03-20 16:07:28 [main] INFO  o.e.d.service.ReceiptService - Сгенерирована дата: 2024-09-13
2025-03-20 16:07:28 [main] INFO  o.e.d.service.ReceiptService - Чек создан. Бонус: 0, Углеродный след: 0.0
2025-03-20 16:07:28 [main] INFO  o.e.d.service.ReceiptService - Начало генерации случайного чека
2025-03-20 16:07:28 [main] INFO  o.e.d.service.ReceiptService - Выбор 8 случайных товаров из списка
2025-03-20 16:07:28 [main] INFO  o.e.d.service.ReceiptService - Выбрано 8 товаров
2025-03-20 16:07:28 [main] INFO  o.e.d.service.ReceiptService - Начало расчета бонусов для чека Receipt(id=null, carbonFootprint=null, bonus=null, date=null, user=null, items=[PurchaseItem(id=null, name=null, category=null, bonus=null, carbonFootprint=null, isEcoFriendly=null, quantity=1, recommendation=null, receipts=null)])
2025-03-20 16:07:28 [main] INFO  o.e.d.service.ReceiptService - Расчет бонусов завершен. Итоговая сумма: 0
2025-03-20 16:07:28 [main] INFO  o.e.d.service.ReceiptService - Расчет углеродного следа для чека Receipt(id=null, carbonFootprint=null, bonus=0, date=null, user=null, items=[PurchaseItem(id=null, name=null, category=null, bonus=null, carbonFootprint=null, isEcoFriendly=null, quantity=1, recommendation=null, receipts=null)])
2025-03-20 16:07:28 [main] INFO  o.e.d.service.ReceiptService - Углеродный след рассчитан: 0.0
2025-03-20 16:07:28 [main] INFO  o.e.d.service.ReceiptService - Генерация случайной даты за последний год
2025-03-20 16:07:28 [main] INFO  o.e.d.service.ReceiptService - Сгенерирована дата: 2024-12-26
2025-03-20 16:07:28 [main] INFO  o.e.d.service.ReceiptService - Чек создан. Бонус: 0, Углеродный след: 0.0
2025-03-20 16:07:28 [main] INFO  o.e.d.service.ReceiptService - Начало генерации случайного чека
2025-03-20 16:07:28 [main] INFO  o.e.d.service.ReceiptService - Выбор 6 случайных товаров из списка
2025-03-20 16:07:28 [main] INFO  o.e.d.service.ReceiptService - Выбрано 6 товаров
2025-03-20 16:07:28 [main] INFO  o.e.d.service.ReceiptService - Начало расчета бонусов для чека Receipt(id=null, carbonFootprint=null, bonus=null, date=null, user=null, items=[PurchaseItem(id=null, name=null, category=null, bonus=null, carbonFootprint=null, isEcoFriendly=null, quantity=1, recommendation=null, receipts=null)])
2025-03-20 16:07:28 [main] INFO  o.e.d.service.ReceiptService - Расчет бонусов завершен. Итоговая сумма: 0
2025-03-20 16:07:28 [main] INFO  o.e.d.service.ReceiptService - Расчет углеродного следа для чека Receipt(id=null, carbonFootprint=null, bonus=0, date=null, user=null, items=[PurchaseItem(id=null, name=null, category=null, bonus=null, carbonFootprint=null, isEcoFriendly=null, quantity=1, recommendation=null, receipts=null)])
2025-03-20 16:07:28 [main] INFO  o.e.d.service.ReceiptService - Углеродный след рассчитан: 0.0
2025-03-20 16:07:28 [main] INFO  o.e.d.service.ReceiptService - Генерация случайной даты за последний год
2025-03-20 16:07:28 [main] INFO  o.e.d.service.ReceiptService - Сгенерирована дата: 2025-01-28
2025-03-20 16:07:28 [main] INFO  o.e.d.service.ReceiptService - Чек создан. Бонус: 0, Углеродный след: 0.0
2025-03-20 16:07:28 [main] INFO  o.e.d.service.ReceiptService - Начало генерации случайного чека
2025-03-20 16:07:28 [main] INFO  o.e.d.service.ReceiptService - Выбор 5 случайных товаров из списка
2025-03-20 16:07:28 [main] INFO  o.e.d.service.ReceiptService - Выбрано 5 товаров
2025-03-20 16:07:28 [main] INFO  o.e.d.service.ReceiptService - Начало расчета бонусов для чека Receipt(id=null, carbonFootprint=null, bonus=null, date=null, user=null, items=[PurchaseItem(id=null, name=null, category=null, bonus=null, carbonFootprint=null, isEcoFriendly=null, quantity=1, recommendation=null, receipts=null)])
2025-03-20 16:07:28 [main] INFO  o.e.d.service.ReceiptService - Расчет бонусов завершен. Итоговая сумма: 0
2025-03-20 16:07:28 [main] INFO  o.e.d.service.ReceiptService - Расчет углеродного следа для чека Receipt(id=null, carbonFootprint=null, bonus=0, date=null, user=null, items=[PurchaseItem(id=null, name=null, category=null, bonus=null, carbonFootprint=null, isEcoFriendly=null, quantity=1, recommendation=null, receipts=null)])
2025-03-20 16:07:28 [main] INFO  o.e.d.service.ReceiptService - Углеродный след рассчитан: 0.0
2025-03-20 16:07:28 [main] INFO  o.e.d.service.ReceiptService - Генерация случайной даты за последний год
2025-03-20 16:07:28 [main] INFO  o.e.d.service.ReceiptService - Сгенерирована дата: 2024-09-10
2025-03-20 16:07:28 [main] INFO  o.e.d.service.ReceiptService - Чек создан. Бонус: 0, Углеродный след: 0.0
2025-03-20 16:07:28 [main] INFO  o.e.d.service.ReceiptService - Начало генерации случайного чека
2025-03-20 16:07:28 [main] INFO  o.e.d.service.ReceiptService - Выбор 2 случайных товаров из списка
2025-03-20 16:07:28 [main] INFO  o.e.d.service.ReceiptService - Выбрано 2 товаров
2025-03-20 16:07:28 [main] INFO  o.e.d.service.ReceiptService - Начало расчета бонусов для чека Receipt(id=null, carbonFootprint=null, bonus=null, date=null, user=null, items=[PurchaseItem(id=null, name=null, category=null, bonus=null, carbonFootprint=null, isEcoFriendly=null, quantity=1, recommendation=null, receipts=null)])
2025-03-20 16:07:28 [main] INFO  o.e.d.service.ReceiptService - Расчет бонусов завершен. Итоговая сумма: 0
2025-03-20 16:07:28 [main] INFO  o.e.d.service.ReceiptService - Расчет углеродного следа для чека Receipt(id=null, carbonFootprint=null, bonus=0, date=null, user=null, items=[PurchaseItem(id=null, name=null, category=null, bonus=null, carbonFootprint=null, isEcoFriendly=null, quantity=1, recommendation=null, receipts=null)])
2025-03-20 16:07:28 [main] INFO  o.e.d.service.ReceiptService - Углеродный след рассчитан: 0.0
2025-03-20 16:07:28 [main] INFO  o.e.d.service.ReceiptService - Генерация случайной даты за последний год
2025-03-20 16:07:28 [main] INFO  o.e.d.service.ReceiptService - Сгенерирована дата: 2024-11-30
2025-03-20 16:07:28 [main] INFO  o.e.d.service.ReceiptService - Чек создан. Бонус: 0, Углеродный след: 0.0
2025-03-20 16:07:28 [main] INFO  o.e.d.service.ReceiptService - Начало генерации случайного чека
2025-03-20 16:07:28 [main] INFO  o.e.d.service.ReceiptService - Выбор 5 случайных товаров из списка
2025-03-20 16:07:28 [main] INFO  o.e.d.service.ReceiptService - Выбрано 5 товаров
2025-03-20 16:07:28 [main] INFO  o.e.d.service.ReceiptService - Начало расчета бонусов для чека Receipt(id=null, carbonFootprint=null, bonus=null, date=null, user=null, items=[PurchaseItem(id=null, name=null, category=null, bonus=null, carbonFootprint=null, isEcoFriendly=null, quantity=1, recommendation=null, receipts=null)])
2025-03-20 16:07:28 [main] INFO  o.e.d.service.ReceiptService - Расчет бонусов завершен. Итоговая сумма: 0
2025-03-20 16:07:28 [main] INFO  o.e.d.service.ReceiptService - Расчет углеродного следа для чека Receipt(id=null, carbonFootprint=null, bonus=0, date=null, user=null, items=[PurchaseItem(id=null, name=null, category=null, bonus=null, carbonFootprint=null, isEcoFriendly=null, quantity=1, recommendation=null, receipts=null)])
2025-03-20 16:07:28 [main] INFO  o.e.d.service.ReceiptService - Углеродный след рассчитан: 0.0
2025-03-20 16:07:28 [main] INFO  o.e.d.service.ReceiptService - Генерация случайной даты за последний год
2025-03-20 16:07:28 [main] INFO  o.e.d.service.ReceiptService - Сгенерирована дата: 2024-11-06
2025-03-20 16:07:28 [main] INFO  o.e.d.service.ReceiptService - Чек создан. Бонус: 0, Углеродный след: 0.0
2025-03-20 16:07:28 [main] INFO  o.e.d.service.ReceiptService - Начало генерации случайного чека
2025-03-20 16:07:28 [main] INFO  o.e.d.service.ReceiptService - Выбор 8 случайных товаров из списка
2025-03-20 16:07:28 [main] INFO  o.e.d.service.ReceiptService - Выбрано 8 товаров
2025-03-20 16:07:28 [main] INFO  o.e.d.service.ReceiptService - Начало расчета бонусов для чека Receipt(id=null, carbonFootprint=null, bonus=null, date=null, user=null, items=[PurchaseItem(id=null, name=null, category=null, bonus=null, carbonFootprint=null, isEcoFriendly=null, quantity=2, recommendation=null, receipts=null)])
2025-03-20 16:07:28 [main] INFO  o.e.d.service.ReceiptService - Расчет бонусов завершен. Итоговая сумма: 0
2025-03-20 16:07:28 [main] INFO  o.e.d.service.ReceiptService - Расчет углеродного следа для чека Receipt(id=null, carbonFootprint=null, bonus=0, date=null, user=null, items=[PurchaseItem(id=null, name=null, category=null, bonus=null, carbonFootprint=null, isEcoFriendly=null, quantity=2, recommendation=null, receipts=null)])
2025-03-20 16:07:28 [main] INFO  o.e.d.service.ReceiptService - Углеродный след рассчитан: 0.0
2025-03-20 16:07:28 [main] INFO  o.e.d.service.ReceiptService - Генерация случайной даты за последний год
2025-03-20 16:07:28 [main] INFO  o.e.d.service.ReceiptService - Сгенерирована дата: 2025-01-14
2025-03-20 16:07:28 [main] INFO  o.e.d.service.ReceiptService - Чек создан. Бонус: 0, Углеродный след: 0.0
2025-03-20 16:07:28 [main] INFO  o.e.d.service.ReceiptService - Начало генерации случайного чека
2025-03-20 16:07:28 [main] INFO  o.e.d.service.ReceiptService - Выбор 4 случайных товаров из списка
2025-03-20 16:07:28 [main] INFO  o.e.d.service.ReceiptService - Выбрано 4 товаров
2025-03-20 16:07:28 [main] INFO  o.e.d.service.ReceiptService - Начало расчета бонусов для чека Receipt(id=null, carbonFootprint=null, bonus=null, date=null, user=null, items=[PurchaseItem(id=null, name=null, category=null, bonus=null, carbonFootprint=null, isEcoFriendly=null, quantity=4, recommendation=null, receipts=null)])
2025-03-20 16:07:28 [main] INFO  o.e.d.service.ReceiptService - Расчет бонусов завершен. Итоговая сумма: 0
2025-03-20 16:07:28 [main] INFO  o.e.d.service.ReceiptService - Расчет углеродного следа для чека Receipt(id=null, carbonFootprint=null, bonus=0, date=null, user=null, items=[PurchaseItem(id=null, name=null, category=null, bonus=null, carbonFootprint=null, isEcoFriendly=null, quantity=4, recommendation=null, receipts=null)])
2025-03-20 16:07:28 [main] INFO  o.e.d.service.ReceiptService - Углеродный след рассчитан: 0.0
2025-03-20 16:07:28 [main] INFO  o.e.d.service.ReceiptService - Генерация случайной даты за последний год
2025-03-20 16:07:28 [main] INFO  o.e.d.service.ReceiptService - Сгенерирована дата: 2024-11-11
2025-03-20 16:07:28 [main] INFO  o.e.d.service.ReceiptService - Чек создан. Бонус: 0, Углеродный след: 0.0
2025-03-20 16:07:28 [main] INFO  o.e.d.service.ReceiptService - Начало генерации случайного чека
2025-03-20 16:07:28 [main] INFO  o.e.d.service.ReceiptService - Выбор 4 случайных товаров из списка
2025-03-20 16:07:28 [main] INFO  o.e.d.service.ReceiptService - Выбрано 4 товаров
2025-03-20 16:07:28 [main] INFO  o.e.d.service.ReceiptService - Начало расчета бонусов для чека Receipt(id=null, carbonFootprint=null, bonus=null, date=null, user=null, items=[PurchaseItem(id=null, name=null, category=null, bonus=null, carbonFootprint=null, isEcoFriendly=null, quantity=3, recommendation=null, receipts=null)])
2025-03-20 16:07:28 [main] INFO  o.e.d.service.ReceiptService - Расчет бонусов завершен. Итоговая сумма: 0
2025-03-20 16:07:28 [main] INFO  o.e.d.service.ReceiptService - Расчет углеродного следа для чека Receipt(id=null, carbonFootprint=null, bonus=0, date=null, user=null, items=[PurchaseItem(id=null, name=null, category=null, bonus=null, carbonFootprint=null, isEcoFriendly=null, quantity=3, recommendation=null, receipts=null)])
2025-03-20 16:07:28 [main] INFO  o.e.d.service.ReceiptService - Углеродный след рассчитан: 0.0
2025-03-20 16:07:28 [main] INFO  o.e.d.service.ReceiptService - Генерация случайной даты за последний год
2025-03-20 16:07:28 [main] INFO  o.e.d.service.ReceiptService - Сгенерирована дата: 2024-09-18
2025-03-20 16:07:28 [main] INFO  o.e.d.service.ReceiptService - Чек создан. Бонус: 0, Углеродный след: 0.0
2025-03-20 16:07:28 [main] INFO  o.e.d.service.ReceiptService - Начало генерации случайного чека
2025-03-20 16:07:28 [main] INFO  o.e.d.service.ReceiptService - Выбор 3 случайных товаров из списка
2025-03-20 16:07:28 [main] INFO  o.e.d.service.ReceiptService - Выбрано 3 товаров
2025-03-20 16:07:28 [main] INFO  o.e.d.service.ReceiptService - Начало расчета бонусов для чека Receipt(id=null, carbonFootprint=null, bonus=null, date=null, user=null, items=[PurchaseItem(id=null, name=null, category=null, bonus=null, carbonFootprint=null, isEcoFriendly=null, quantity=3, recommendation=null, receipts=null)])
2025-03-20 16:07:28 [main] INFO  o.e.d.service.ReceiptService - Расчет бонусов завершен. Итоговая сумма: 0
2025-03-20 16:07:28 [main] INFO  o.e.d.service.ReceiptService - Расчет углеродного следа для чека Receipt(id=null, carbonFootprint=null, bonus=0, date=null, user=null, items=[PurchaseItem(id=null, name=null, category=null, bonus=null, carbonFootprint=null, isEcoFriendly=null, quantity=3, recommendation=null, receipts=null)])
2025-03-20 16:07:28 [main] INFO  o.e.d.service.ReceiptService - Углеродный след рассчитан: 0.0
2025-03-20 16:07:28 [main] INFO  o.e.d.service.ReceiptService - Генерация случайной даты за последний год
2025-03-20 16:07:28 [main] INFO  o.e.d.service.ReceiptService - Сгенерирована дата: 2024-05-05
2025-03-20 16:07:28 [main] INFO  o.e.d.service.ReceiptService - Чек создан. Бонус: 0, Углеродный след: 0.0
2025-03-20 16:07:28 [main] INFO  o.e.d.service.ReceiptService - Начало генерации случайного чека
2025-03-20 16:07:28 [main] INFO  o.e.d.service.ReceiptService - Выбор 1 случайных товаров из списка
2025-03-20 16:07:28 [main] INFO  o.e.d.service.ReceiptService - Выбрано 1 товаров
2025-03-20 16:07:28 [main] INFO  o.e.d.service.ReceiptService - Начало расчета бонусов для чека Receipt(id=null, carbonFootprint=null, bonus=null, date=null, user=null, items=[PurchaseItem(id=null, name=null, category=null, bonus=null, carbonFootprint=null, isEcoFriendly=null, quantity=3, recommendation=null, receipts=null)])
2025-03-20 16:07:28 [main] INFO  o.e.d.service.ReceiptService - Расчет бонусов завершен. Итоговая сумма: 0
2025-03-20 16:07:28 [main] INFO  o.e.d.service.ReceiptService - Расчет углеродного следа для чека Receipt(id=null, carbonFootprint=null, bonus=0, date=null, user=null, items=[PurchaseItem(id=null, name=null, category=null, bonus=null, carbonFootprint=null, isEcoFriendly=null, quantity=3, recommendation=null, receipts=null)])
2025-03-20 16:07:28 [main] INFO  o.e.d.service.ReceiptService - Углеродный след рассчитан: 0.0
2025-03-20 16:07:28 [main] INFO  o.e.d.service.ReceiptService - Генерация случайной даты за последний год
2025-03-20 16:07:28 [main] INFO  o.e.d.service.ReceiptService - Сгенерирована дата: 2025-02-20
2025-03-20 16:07:28 [main] INFO  o.e.d.service.ReceiptService - Чек создан. Бонус: 0, Углеродный след: 0.0
2025-03-20 16:07:28 [main] INFO  o.e.d.service.ReceiptService - Начало генерации случайного чека
2025-03-20 16:07:28 [main] INFO  o.e.d.service.ReceiptService - Выбор 2 случайных товаров из списка
2025-03-20 16:07:28 [main] INFO  o.e.d.service.ReceiptService - Выбрано 2 товаров
2025-03-20 16:07:28 [main] INFO  o.e.d.service.ReceiptService - Начало расчета бонусов для чека Receipt(id=null, carbonFootprint=null, bonus=null, date=null, user=null, items=[PurchaseItem(id=null, name=null, category=null, bonus=null, carbonFootprint=null, isEcoFriendly=null, quantity=2, recommendation=null, receipts=null)])
2025-03-20 16:07:28 [main] INFO  o.e.d.service.ReceiptService - Расчет бонусов завершен. Итоговая сумма: 0
2025-03-20 16:07:28 [main] INFO  o.e.d.service.ReceiptService - Расчет углеродного следа для чека Receipt(id=null, carbonFootprint=null, bonus=0, date=null, user=null, items=[PurchaseItem(id=null, name=null, category=null, bonus=null, carbonFootprint=null, isEcoFriendly=null, quantity=2, recommendation=null, receipts=null)])
2025-03-20 16:07:28 [main] INFO  o.e.d.service.ReceiptService - Углеродный след рассчитан: 0.0
2025-03-20 16:07:28 [main] INFO  o.e.d.service.ReceiptService - Генерация случайной даты за последний год
2025-03-20 16:07:28 [main] INFO  o.e.d.service.ReceiptService - Сгенерирована дата: 2025-01-10
2025-03-20 16:07:28 [main] INFO  o.e.d.service.ReceiptService - Чек создан. Бонус: 0, Углеродный след: 0.0
2025-03-20 16:07:28 [main] INFO  o.e.d.service.ReceiptService - Начало генерации случайного чека
2025-03-20 16:07:28 [main] INFO  o.e.d.service.ReceiptService - Выбор 2 случайных товаров из списка
2025-03-20 16:07:28 [main] INFO  o.e.d.service.ReceiptService - Выбрано 2 товаров
2025-03-20 16:07:28 [main] INFO  o.e.d.service.ReceiptService - Начало расчета бонусов для чека Receipt(id=null, carbonFootprint=null, bonus=null, date=null, user=null, items=[PurchaseItem(id=null, name=null, category=null, bonus=null, carbonFootprint=null, isEcoFriendly=null, quantity=1, recommendation=null, receipts=null)])
2025-03-20 16:07:28 [main] INFO  o.e.d.service.ReceiptService - Расчет бонусов завершен. Итоговая сумма: 0
2025-03-20 16:07:28 [main] INFO  o.e.d.service.ReceiptService - Расчет углеродного следа для чека Receipt(id=null, carbonFootprint=null, bonus=0, date=null, user=null, items=[PurchaseItem(id=null, name=null, category=null, bonus=null, carbonFootprint=null, isEcoFriendly=null, quantity=1, recommendation=null, receipts=null)])
2025-03-20 16:07:28 [main] INFO  o.e.d.service.ReceiptService - Углеродный след рассчитан: 0.0
2025-03-20 16:07:28 [main] INFO  o.e.d.service.ReceiptService - Генерация случайной даты за последний год
2025-03-20 16:07:28 [main] INFO  o.e.d.service.ReceiptService - Сгенерирована дата: 2024-04-01
2025-03-20 16:07:28 [main] INFO  o.e.d.service.ReceiptService - Чек создан. Бонус: 0, Углеродный след: 0.0
2025-03-20 16:07:28 [main] INFO  o.e.d.service.ReceiptService - Начало генерации случайного чека
2025-03-20 16:07:28 [main] INFO  o.e.d.service.ReceiptService - Выбор 4 случайных товаров из списка
2025-03-20 16:07:28 [main] INFO  o.e.d.service.ReceiptService - Выбрано 4 товаров
2025-03-20 16:07:28 [main] INFO  o.e.d.service.ReceiptService - Начало расчета бонусов для чека Receipt(id=null, carbonFootprint=null, bonus=null, date=null, user=null, items=[PurchaseItem(id=null, name=null, category=null, bonus=null, carbonFootprint=null, isEcoFriendly=null, quantity=2, recommendation=null, receipts=null)])
2025-03-20 16:07:28 [main] INFO  o.e.d.service.ReceiptService - Расчет бонусов завершен. Итоговая сумма: 0
2025-03-20 16:07:28 [main] INFO  o.e.d.service.ReceiptService - Расчет углеродного следа для чека Receipt(id=null, carbonFootprint=null, bonus=0, date=null, user=null, items=[PurchaseItem(id=null, name=null, category=null, bonus=null, carbonFootprint=null, isEcoFriendly=null, quantity=2, recommendation=null, receipts=null)])
2025-03-20 16:07:28 [main] INFO  o.e.d.service.ReceiptService - Углеродный след рассчитан: 0.0
2025-03-20 16:07:28 [main] INFO  o.e.d.service.ReceiptService - Генерация случайной даты за последний год
2025-03-20 16:07:28 [main] INFO  o.e.d.service.ReceiptService - Сгенерирована дата: 2024-12-23
2025-03-20 16:07:28 [main] INFO  o.e.d.service.ReceiptService - Чек создан. Бонус: 0, Углеродный след: 0.0
2025-03-20 16:07:28 [main] INFO  o.e.d.service.ReceiptService - Начало генерации случайного чека
2025-03-20 16:07:28 [main] INFO  o.e.d.service.ReceiptService - Выбор 6 случайных товаров из списка
2025-03-20 16:07:28 [main] INFO  o.e.d.service.ReceiptService - Выбрано 6 товаров
2025-03-20 16:07:28 [main] INFO  o.e.d.service.ReceiptService - Начало расчета бонусов для чека Receipt(id=null, carbonFootprint=null, bonus=null, date=null, user=null, items=[PurchaseItem(id=null, name=null, category=null, bonus=null, carbonFootprint=null, isEcoFriendly=null, quantity=2, recommendation=null, receipts=null)])
2025-03-20 16:07:28 [main] INFO  o.e.d.service.ReceiptService - Расчет бонусов завершен. Итоговая сумма: 0
2025-03-20 16:07:28 [main] INFO  o.e.d.service.ReceiptService - Расчет углеродного следа для чека Receipt(id=null, carbonFootprint=null, bonus=0, date=null, user=null, items=[PurchaseItem(id=null, name=null, category=null, bonus=null, carbonFootprint=null, isEcoFriendly=null, quantity=2, recommendation=null, receipts=null)])
2025-03-20 16:07:28 [main] INFO  o.e.d.service.ReceiptService - Углеродный след рассчитан: 0.0
2025-03-20 16:07:28 [main] INFO  o.e.d.service.ReceiptService - Генерация случайной даты за последний год
2025-03-20 16:07:28 [main] INFO  o.e.d.service.ReceiptService - Сгенерирована дата: 2024-08-09
2025-03-20 16:07:28 [main] INFO  o.e.d.service.ReceiptService - Чек создан. Бонус: 0, Углеродный след: 0.0
2025-03-20 16:07:28 [main] INFO  o.e.d.service.ReceiptService - Начало генерации случайного чека
2025-03-20 16:07:28 [main] INFO  o.e.d.service.ReceiptService - Выбор 5 случайных товаров из списка
2025-03-20 16:07:28 [main] INFO  o.e.d.service.ReceiptService - Выбрано 5 товаров
2025-03-20 16:07:28 [main] INFO  o.e.d.service.ReceiptService - Начало расчета бонусов для чека Receipt(id=null, carbonFootprint=null, bonus=null, date=null, user=null, items=[PurchaseItem(id=null, name=null, category=null, bonus=null, carbonFootprint=null, isEcoFriendly=null, quantity=1, recommendation=null, receipts=null)])
2025-03-20 16:07:28 [main] INFO  o.e.d.service.ReceiptService - Расчет бонусов завершен. Итоговая сумма: 0
2025-03-20 16:07:28 [main] INFO  o.e.d.service.ReceiptService - Расчет углеродного следа для чека Receipt(id=null, carbonFootprint=null, bonus=0, date=null, user=null, items=[PurchaseItem(id=null, name=null, category=null, bonus=null, carbonFootprint=null, isEcoFriendly=null, quantity=1, recommendation=null, receipts=null)])
2025-03-20 16:07:28 [main] INFO  o.e.d.service.ReceiptService - Углеродный след рассчитан: 0.0
2025-03-20 16:07:28 [main] INFO  o.e.d.service.ReceiptService - Генерация случайной даты за последний год
2025-03-20 16:07:28 [main] INFO  o.e.d.service.ReceiptService - Сгенерирована дата: 2024-04-15
2025-03-20 16:07:28 [main] INFO  o.e.d.service.ReceiptService - Чек создан. Бонус: 0, Углеродный след: 0.0
2025-03-20 16:07:28 [main] INFO  o.e.d.service.ReceiptService - Начало генерации случайного чека
2025-03-20 16:07:28 [main] INFO  o.e.d.service.ReceiptService - Выбор 6 случайных товаров из списка
2025-03-20 16:07:28 [main] INFO  o.e.d.service.ReceiptService - Выбрано 6 товаров
2025-03-20 16:07:28 [main] INFO  o.e.d.service.ReceiptService - Начало расчета бонусов для чека Receipt(id=null, carbonFootprint=null, bonus=null, date=null, user=null, items=[PurchaseItem(id=null, name=null, category=null, bonus=null, carbonFootprint=null, isEcoFriendly=null, quantity=3, recommendation=null, receipts=null)])
2025-03-20 16:07:28 [main] INFO  o.e.d.service.ReceiptService - Расчет бонусов завершен. Итоговая сумма: 0
2025-03-20 16:07:28 [main] INFO  o.e.d.service.ReceiptService - Расчет углеродного следа для чека Receipt(id=null, carbonFootprint=null, bonus=0, date=null, user=null, items=[PurchaseItem(id=null, name=null, category=null, bonus=null, carbonFootprint=null, isEcoFriendly=null, quantity=3, recommendation=null, receipts=null)])
2025-03-20 16:07:28 [main] INFO  o.e.d.service.ReceiptService - Углеродный след рассчитан: 0.0
2025-03-20 16:07:28 [main] INFO  o.e.d.service.ReceiptService - Генерация случайной даты за последний год
2025-03-20 16:07:28 [main] INFO  o.e.d.service.ReceiptService - Сгенерирована дата: 2024-06-14
2025-03-20 16:07:28 [main] INFO  o.e.d.service.ReceiptService - Чек создан. Бонус: 0, Углеродный след: 0.0
2025-03-20 16:07:28 [main] INFO  o.e.d.service.ReceiptService - Начало генерации случайного чека
2025-03-20 16:07:28 [main] INFO  o.e.d.service.ReceiptService - Выбор 6 случайных товаров из списка
2025-03-20 16:07:28 [main] INFO  o.e.d.service.ReceiptService - Выбрано 6 товаров
2025-03-20 16:07:28 [main] INFO  o.e.d.service.ReceiptService - Начало расчета бонусов для чека Receipt(id=null, carbonFootprint=null, bonus=null, date=null, user=null, items=[PurchaseItem(id=null, name=null, category=null, bonus=null, carbonFootprint=null, isEcoFriendly=null, quantity=1, recommendation=null, receipts=null)])
2025-03-20 16:07:28 [main] INFO  o.e.d.service.ReceiptService - Расчет бонусов завершен. Итоговая сумма: 0
2025-03-20 16:07:28 [main] INFO  o.e.d.service.ReceiptService - Расчет углеродного следа для чека Receipt(id=null, carbonFootprint=null, bonus=0, date=null, user=null, items=[PurchaseItem(id=null, name=null, category=null, bonus=null, carbonFootprint=null, isEcoFriendly=null, quantity=1, recommendation=null, receipts=null)])
2025-03-20 16:07:28 [main] INFO  o.e.d.service.ReceiptService - Углеродный след рассчитан: 0.0
2025-03-20 16:07:28 [main] INFO  o.e.d.service.ReceiptService - Генерация случайной даты за последний год
2025-03-20 16:07:28 [main] INFO  o.e.d.service.ReceiptService - Сгенерирована дата: 2024-08-10
2025-03-20 16:07:28 [main] INFO  o.e.d.service.ReceiptService - Чек создан. Бонус: 0, Углеродный след: 0.0
2025-03-20 16:07:28 [main] INFO  o.e.d.service.ReceiptService - Начало генерации случайного чека
2025-03-20 16:07:28 [main] INFO  o.e.d.service.ReceiptService - Выбор 7 случайных товаров из списка
2025-03-20 16:07:28 [main] INFO  o.e.d.service.ReceiptService - Выбрано 7 товаров
2025-03-20 16:07:28 [main] INFO  o.e.d.service.ReceiptService - Начало расчета бонусов для чека Receipt(id=null, carbonFootprint=null, bonus=null, date=null, user=null, items=[PurchaseItem(id=null, name=null, category=null, bonus=null, carbonFootprint=null, isEcoFriendly=null, quantity=2, recommendation=null, receipts=null)])
2025-03-20 16:07:28 [main] INFO  o.e.d.service.ReceiptService - Расчет бонусов завершен. Итоговая сумма: 0
2025-03-20 16:07:28 [main] INFO  o.e.d.service.ReceiptService - Расчет углеродного следа для чека Receipt(id=null, carbonFootprint=null, bonus=0, date=null, user=null, items=[PurchaseItem(id=null, name=null, category=null, bonus=null, carbonFootprint=null, isEcoFriendly=null, quantity=2, recommendation=null, receipts=null)])
2025-03-20 16:07:28 [main] INFO  o.e.d.service.ReceiptService - Углеродный след рассчитан: 0.0
2025-03-20 16:07:28 [main] INFO  o.e.d.service.ReceiptService - Генерация случайной даты за последний год
2025-03-20 16:07:28 [main] INFO  o.e.d.service.ReceiptService - Сгенерирована дата: 2024-07-22
2025-03-20 16:07:28 [main] INFO  o.e.d.service.ReceiptService - Чек создан. Бонус: 0, Углеродный след: 0.0
2025-03-20 16:07:28 [main] INFO  o.e.d.service.ReceiptService - Начало генерации случайного чека
2025-03-20 16:07:28 [main] INFO  o.e.d.service.ReceiptService - Выбор 4 случайных товаров из списка
2025-03-20 16:07:28 [main] INFO  o.e.d.service.ReceiptService - Выбрано 4 товаров
2025-03-20 16:07:28 [main] INFO  o.e.d.service.ReceiptService - Начало расчета бонусов для чека Receipt(id=null, carbonFootprint=null, bonus=null, date=null, user=null, items=[PurchaseItem(id=null, name=null, category=null, bonus=null, carbonFootprint=null, isEcoFriendly=null, quantity=4, recommendation=null, receipts=null)])
2025-03-20 16:07:28 [main] INFO  o.e.d.service.ReceiptService - Расчет бонусов завершен. Итоговая сумма: 0
2025-03-20 16:07:28 [main] INFO  o.e.d.service.ReceiptService - Расчет углеродного следа для чека Receipt(id=null, carbonFootprint=null, bonus=0, date=null, user=null, items=[PurchaseItem(id=null, name=null, category=null, bonus=null, carbonFootprint=null, isEcoFriendly=null, quantity=4, recommendation=null, receipts=null)])
2025-03-20 16:07:28 [main] INFO  o.e.d.service.ReceiptService - Углеродный след рассчитан: 0.0
2025-03-20 16:07:28 [main] INFO  o.e.d.service.ReceiptService - Генерация случайной даты за последний год
2025-03-20 16:07:28 [main] INFO  o.e.d.service.ReceiptService - Сгенерирована дата: 2025-03-07
2025-03-20 16:07:28 [main] INFO  o.e.d.service.ReceiptService - Чек создан. Бонус: 0, Углеродный след: 0.0
2025-03-20 16:07:28 [main] INFO  o.e.d.service.ReceiptService - Начало генерации случайного чека
2025-03-20 16:07:28 [main] INFO  o.e.d.service.ReceiptService - Выбор 8 случайных товаров из списка
2025-03-20 16:07:28 [main] INFO  o.e.d.service.ReceiptService - Выбрано 8 товаров
2025-03-20 16:07:28 [main] INFO  o.e.d.service.ReceiptService - Начало расчета бонусов для чека Receipt(id=null, carbonFootprint=null, bonus=null, date=null, user=null, items=[PurchaseItem(id=null, name=null, category=null, bonus=null, carbonFootprint=null, isEcoFriendly=null, quantity=1, recommendation=null, receipts=null)])
2025-03-20 16:07:28 [main] INFO  o.e.d.service.ReceiptService - Расчет бонусов завершен. Итоговая сумма: 0
2025-03-20 16:07:28 [main] INFO  o.e.d.service.ReceiptService - Расчет углеродного следа для чека Receipt(id=null, carbonFootprint=null, bonus=0, date=null, user=null, items=[PurchaseItem(id=null, name=null, category=null, bonus=null, carbonFootprint=null, isEcoFriendly=null, quantity=1, recommendation=null, receipts=null)])
2025-03-20 16:07:28 [main] INFO  o.e.d.service.ReceiptService - Углеродный след рассчитан: 0.0
2025-03-20 16:07:28 [main] INFO  o.e.d.service.ReceiptService - Генерация случайной даты за последний год
2025-03-20 16:07:28 [main] INFO  o.e.d.service.ReceiptService - Сгенерирована дата: 2024-11-24
2025-03-20 16:07:28 [main] INFO  o.e.d.service.ReceiptService - Чек создан. Бонус: 0, Углеродный след: 0.0
2025-03-20 16:07:28 [main] INFO  o.e.d.service.ReceiptService - Начало генерации случайного чека
2025-03-20 16:07:28 [main] INFO  o.e.d.service.ReceiptService - Выбор 7 случайных товаров из списка
2025-03-20 16:07:28 [main] INFO  o.e.d.service.ReceiptService - Выбрано 7 товаров
2025-03-20 16:07:28 [main] INFO  o.e.d.service.ReceiptService - Начало расчета бонусов для чека Receipt(id=null, carbonFootprint=null, bonus=null, date=null, user=null, items=[PurchaseItem(id=null, name=null, category=null, bonus=null, carbonFootprint=null, isEcoFriendly=null, quantity=2, recommendation=null, receipts=null)])
2025-03-20 16:07:28 [main] INFO  o.e.d.service.ReceiptService - Расчет бонусов завершен. Итоговая сумма: 0
2025-03-20 16:07:28 [main] INFO  o.e.d.service.ReceiptService - Расчет углеродного следа для чека Receipt(id=null, carbonFootprint=null, bonus=0, date=null, user=null, items=[PurchaseItem(id=null, name=null, category=null, bonus=null, carbonFootprint=null, isEcoFriendly=null, quantity=2, recommendation=null, receipts=null)])
2025-03-20 16:07:28 [main] INFO  o.e.d.service.ReceiptService - Углеродный след рассчитан: 0.0
2025-03-20 16:07:28 [main] INFO  o.e.d.service.ReceiptService - Генерация случайной даты за последний год
2025-03-20 16:07:28 [main] INFO  o.e.d.service.ReceiptService - Сгенерирована дата: 2024-11-02
2025-03-20 16:07:28 [main] INFO  o.e.d.service.ReceiptService - Чек создан. Бонус: 0, Углеродный след: 0.0
2025-03-20 16:07:28 [main] INFO  o.e.d.service.ReceiptService - Список чеков успешно сгенерирован. Всего чеков: 30
2025-03-20 16:07:28 [main] INFO  o.e.d.service.ReceiptService - Генерация случайной даты за последний год
2025-03-20 16:07:28 [main] INFO  o.e.d.service.ReceiptService - Сгенерирована дата: 2024-08-15
2025-03-20 16:07:46 [SpringApplicationShutdownHook] INFO  o.s.o.j.LocalContainerEntityManagerFactoryBean - Closing JPA EntityManagerFactory for persistence unit 'default'
2025-03-20 16:07:47 [SpringApplicationShutdownHook] INFO  com.zaxxer.hikari.HikariDataSource - HikariPool-1 - Shutdown initiated...
2025-03-20 16:07:47 [SpringApplicationShutdownHook] INFO  com.zaxxer.hikari.HikariDataSource - HikariPool-1 - Shutdown completed.
